#
# There is insufficient memory for the Java Runtime Environment to continue.
# Native memory allocation (malloc) failed to allocate 277744 bytes. Error detail: Chunk::new
# Possible reasons:
#   The system is out of physical RAM or swap space
#   This process is running with CompressedOops enabled, and the Java Heap may be blocking the growth of the native heap
# Possible solutions:
#   Reduce memory load on the system
#   Increase physical memory or swap space
#   Check if swap backing store is full
#   Decrease Java heap size (-Xmx/-Xms)
#   Decrease number of Java threads
#   Decrease Java thread stack sizes (-Xss)
#   Set larger code cache with -XX:ReservedCodeCacheSize=
#   JVM is running with Zero Based Compressed Oops mode in which the Java heap is
#     placed in the first 32GB address space. The Java Heap base address is the
#     maximum limit for the native heap growth. Please use -XX:HeapBaseMinAddress
#     to set the Java Heap base and to place the Java Heap above 32GB virtual address.
# This output file may be truncated or incomplete.
#
#  Out of Memory Error (arena.cpp:149), pid=29008, tid=6456
#
# JRE version: OpenJDK Runtime Environment (23.0.2+7) (build 23.0.2+7-58)
# Java VM: OpenJDK 64-Bit Server VM (23.0.2+7-58, mixed mode, sharing, tiered, compressed oops, compressed class ptrs, g1 gc, windows-amd64)
# No core dump will be written. Minidumps are not enabled by default on client versions of Windows
#

---------------  S U M M A R Y ------------

Command Line: --module-path=C:\Users\Huawei\.m2\repository\org\openjfx\javafx-base\25\javafx-base-25-win.jar;C:\Users\Huawei\.m2\repository\org\openjfx\javafx-base\25\javafx-base-25.jar;C:\Users\Huawei\.m2\repository\org\openjfx\javafx-controls\25\javafx-controls-25-win.jar;C:\Users\Huawei\.m2\repository\org\openjfx\javafx-controls\25\javafx-controls-25.jar;C:\Users\Huawei\.m2\repository\org\openjfx\javafx-fxml\25\javafx-fxml-25-win.jar;C:\Users\Huawei\.m2\repository\org\openjfx\javafx-fxml\25\javafx-fxml-25.jar;C:\Users\Huawei\.m2\repository\org\openjfx\javafx-graphics\25\javafx-graphics-25-win.jar;C:\Users\Huawei\.m2\repository\org\openjfx\javafx-graphics\25\javafx-graphics-25.jar --add-modules=javafx.base,javafx.controls,javafx.fxml,javafx.graphics org.meinprojekt.haushalt.App

Host: 12th Gen Intel(R) Core(TM) i5-12450H, 12 cores, 15G,  Windows 11 , 64 bit Build 26100 (10.0.26100.6725)
Time: Fri Nov  7 12:59:05 2025 Mitteleuropäische Zeit elapsed time: 0.501595 seconds (0d 0h 0m 0s)

---------------  T H R E A D  ---------------

Current thread (0x0000022982388750):  JavaThread "C2 CompilerThread1" daemon [_thread_in_native, id=6456, stack(0x0000002c67800000,0x0000002c67900000) (1024K)]


Current CompileTask:
C2:501  911       4       java.util.HashMap::putVal (300 bytes)

Stack: [0x0000002c67800000,0x0000002c67900000]
Native frames: (J=compiled Java code, j=interpreted, Vv=VM code, C=native code)
V  [jvm.dll+0x6e0b99]  (no source info available)
V  [jvm.dll+0x87e2b3]  (no source info available)
V  [jvm.dll+0x88073e]  (no source info available)
V  [jvm.dll+0x880e13]  (no source info available)
V  [jvm.dll+0x27b006]  (no source info available)
V  [jvm.dll+0xbc06f]  (no source info available)
V  [jvm.dll+0xbc2cb]  (no source info available)
V  [jvm.dll+0x3b3c5c]  (no source info available)
V  [jvm.dll+0x1dc2ac]  (no source info available)
V  [jvm.dll+0x244ce5]  (no source info available)
V  [jvm.dll+0x243eff]  (no source info available)
V  [jvm.dll+0x1c34b0]  (no source info available)
V  [jvm.dll+0x253df1]  (no source info available)
V  [jvm.dll+0x2520aa]  (no source info available)
V  [jvm.dll+0x3ee226]  (no source info available)
V  [jvm.dll+0x8254cb]  (no source info available)
V  [jvm.dll+0x6df345]  (no source info available)
C  [ucrtbase.dll+0x37b0]  (no source info available)
C  [KERNEL32.DLL+0x2e8d7]  (no source info available)
C  [ntdll.dll+0x8c53c]  (no source info available)

Lock stack of current Java thread (top to bottom):


---------------  P R O C E S S  ---------------

Threads class SMR info:
_java_thread_list=0x000002298243e300, length=18, elements={
0x00000229e052cc10, 0x00000229821c4b80, 0x00000229821c57e0, 0x00000229821cbca0,
0x00000229821cc830, 0x00000229821cd4f0, 0x00000229821cec70, 0x00000229821cfa00,
0x00000229821d2f00, 0x00000229822e3990, 0x0000022982388750, 0x0000022982850450,
0x0000022982b7dff0, 0x0000022982deccb0, 0x00000229823695a0, 0x00000229cfe4c810,
0x00000229d005c8d0, 0x00000229d02eb3a0
}

Java Threads: ( => current thread )
  0x00000229e052cc10 JavaThread "main"                              [_thread_blocked, id=33336, stack(0x0000002c66700000,0x0000002c66800000) (1024K)]
  0x00000229821c4b80 JavaThread "Reference Handler"          daemon [_thread_blocked, id=7744, stack(0x0000002c66f00000,0x0000002c67000000) (1024K)]
  0x00000229821c57e0 JavaThread "Finalizer"                  daemon [_thread_blocked, id=33380, stack(0x0000002c67000000,0x0000002c67100000) (1024K)]
  0x00000229821cbca0 JavaThread "Signal Dispatcher"          daemon [_thread_blocked, id=29864, stack(0x0000002c67100000,0x0000002c67200000) (1024K)]
  0x00000229821cc830 JavaThread "Attach Listener"            daemon [_thread_blocked, id=27192, stack(0x0000002c67200000,0x0000002c67300000) (1024K)]
  0x00000229821cd4f0 JavaThread "Service Thread"             daemon [_thread_blocked, id=6804, stack(0x0000002c67300000,0x0000002c67400000) (1024K)]
  0x00000229821cec70 JavaThread "Monitor Deflation Thread"   daemon [_thread_blocked, id=22992, stack(0x0000002c67400000,0x0000002c67500000) (1024K)]
  0x00000229821cfa00 JavaThread "C2 CompilerThread0"         daemon [_thread_in_native, id=27704, stack(0x0000002c67500000,0x0000002c67600000) (1024K)]
  0x00000229821d2f00 JavaThread "C1 CompilerThread0"         daemon [_thread_in_native, id=6552, stack(0x0000002c67600000,0x0000002c67700000) (1024K)]
  0x00000229822e3990 JavaThread "Common-Cleaner"             daemon [_thread_blocked, id=23156, stack(0x0000002c67700000,0x0000002c67800000) (1024K)]
=>0x0000022982388750 JavaThread "C2 CompilerThread1"         daemon [_thread_in_native, id=6456, stack(0x0000002c67800000,0x0000002c67900000) (1024K)]
  0x0000022982850450 JavaThread "Notification Thread"        daemon [_thread_blocked, id=5988, stack(0x0000002c67a00000,0x0000002c67b00000) (1024K)]
  0x0000022982b7dff0 JavaThread "QuantumRenderer-0"          daemon [_thread_blocked, id=33500, stack(0x0000002c67b00000,0x0000002c67c00000) (1024K)]
  0x0000022982deccb0 JavaThread "InvokeLaterDispatcher"      daemon [_thread_blocked, id=22332, stack(0x0000002c68000000,0x0000002c68100000) (1024K)]
  0x00000229823695a0 JavaThread "JavaFX Application Thread"         [_thread_in_vm, id=15924, stack(0x0000002c67900000,0x0000002c67a00000) (1024K)]
  0x00000229cfe4c810 JavaThread "JavaFX-Launcher"                   [_thread_blocked, id=5264, stack(0x0000002c68800000,0x0000002c68900000) (1024K)]
  0x00000229d005c8d0 JavaThread "Thread-2"                   daemon [_thread_in_native, id=27780, stack(0x0000002c68700000,0x0000002c68800000) (1024K)]
  0x00000229d02eb3a0 JavaThread "C2 CompilerThread2"         daemon [_thread_in_native, id=27264, stack(0x0000002c68e00000,0x0000002c68f00000) (1024K)]
Total: 18

Other Threads:
  0x00000229821aac40 VMThread "VM Thread"                           [id=33140, stack(0x0000002c66e00000,0x0000002c66f00000) (1024K)]
  0x00000229821981e0 WatcherThread "VM Periodic Task Thread"        [id=12452, stack(0x0000002c66d00000,0x0000002c66e00000) (1024K)]
  0x00000229e0765660 WorkerThread "GC Thread#0"                     [id=12308, stack(0x0000002c66800000,0x0000002c66900000) (1024K)]
  0x00000229d005c270 WorkerThread "GC Thread#1"                     [id=27308, stack(0x0000002c68900000,0x0000002c68a00000) (1024K)]
  0x00000229d02eece0 WorkerThread "GC Thread#2"                     [id=12708, stack(0x0000002c68a00000,0x0000002c68b00000) (1024K)]
  0x00000229d0093070 WorkerThread "GC Thread#3"                     [id=9096, stack(0x0000002c68b00000,0x0000002c68c00000) (1024K)]
  0x00000229d02e87a0 WorkerThread "GC Thread#4"                     [id=31524, stack(0x0000002c68c00000,0x0000002c68d00000) (1024K)]
  0x00000229d02e9dc0 WorkerThread "GC Thread#5"                     [id=33400, stack(0x0000002c68d00000,0x0000002c68e00000) (1024K)]
  0x00000229e077b170 ConcurrentGCThread "G1 Main Marker"            [id=15796, stack(0x0000002c66900000,0x0000002c66a00000) (1024K)]
  0x00000229e077cbd0 WorkerThread "G1 Conc#0"                       [id=2548, stack(0x0000002c66a00000,0x0000002c66b00000) (1024K)]
  0x0000022982066020 ConcurrentGCThread "G1 Refine#0"               [id=15388, stack(0x0000002c66b00000,0x0000002c66c00000) (1024K)]
  0x0000022982067660 ConcurrentGCThread "G1 Service"                [id=8720, stack(0x0000002c66c00000,0x0000002c66d00000) (1024K)]
Total: 12

Threads with active compile tasks:
C2 CompilerThread0  1284  953       4       java.util.HashSet::add (20 bytes)
C1 CompilerThread0  1284 1028       3       sun.util.locale.LocaleUtils::toLowerString (95 bytes)
C2 CompilerThread1  1284  911       4       java.util.HashMap::putVal (300 bytes)
C2 CompilerThread2  1284  988       4       java.util.HashMap::put (13 bytes)
Total: 4

VM state: not at safepoint (normal execution)

VM Mutex/Monitor currently owned by a thread:  ([mutex/lock_event])
[0x00007ffc3dd92888] Metaspace_lock - owner thread: 0x00000229823695a0

Heap address: 0x0000000704400000, size: 4028 MB, Compressed Oops mode: Zero based, Oop shift amount: 3

CDS archive(s) mapped at: [0x0000022983000000-0x0000022983d70000-0x0000022983d70000), size 14090240, SharedBaseAddress: 0x0000022983000000, ArchiveRelocationMode: 1.
Compressed class space mapped at: 0x0000022984000000-0x00000229c4000000, reserved size: 1073741824
Narrow klass base: 0x0000022983000000, Narrow klass shift: 0, Narrow klass range: 0x41000000

GC Precious Log:
 CardTable entry size: 512
 Card Set container configuration: InlinePtr #cards 4 size 8 Array Of Cards #cards 16 size 48 Howl #buckets 8 coarsen threshold 3686 Howl Bitmap #cards 512 size 80 coarsen threshold 460 Card regions per heap region 1 cards per card region 4096
 CPUs: 12 total, 12 available
 Memory: 16110M
 Large Page Support: Disabled
 NUMA Support: Disabled
 Compressed Oops: Enabled (Zero based)
 Heap Region Size: 2M
 Heap Min Capacity: 8M
 Heap Initial Capacity: 252M
 Heap Max Capacity: 4028M
 Pre-touch: Disabled
 Parallel Workers: 10
 Concurrent Workers: 3
 Concurrent Refinement Workers: 10
 Periodic GC: Disabled

Heap:
 garbage-first heap   total reserved 4124672K, committed 258048K, used 4842K [0x0000000704400000, 0x0000000800000000)
  region size 2048K, 4 young (8192K), 2 survivors (4096K)
 Metaspace       used 4946K, committed 5120K, reserved 1114112K
  class space    used 599K, committed 704K, reserved 1048576K

Heap Regions: E=young(eden), S=young(survivor), O=old, HS=humongous(starts), HC=humongous(continues), CS=collection set, F=free, TAMS=top-at-mark-start, PB=parsable bottom
|   0|0x0000000704400000, 0x0000000704400000, 0x0000000704600000|  0%| F|  |TAMS 0x0000000704400000| PB 0x0000000704400000| Untracked |  0
|   1|0x0000000704600000, 0x0000000704600000, 0x0000000704800000|  0%| F|  |TAMS 0x0000000704600000| PB 0x0000000704600000| Untracked |  0
|   2|0x0000000704800000, 0x0000000704800000, 0x0000000704a00000|  0%| F|  |TAMS 0x0000000704800000| PB 0x0000000704800000| Untracked |  0
|   3|0x0000000704a00000, 0x0000000704a00000, 0x0000000704c00000|  0%| F|  |TAMS 0x0000000704a00000| PB 0x0000000704a00000| Untracked |  0
|   4|0x0000000704c00000, 0x0000000704c00000, 0x0000000704e00000|  0%| F|  |TAMS 0x0000000704c00000| PB 0x0000000704c00000| Untracked |  0
|   5|0x0000000704e00000, 0x0000000704e00000, 0x0000000705000000|  0%| F|  |TAMS 0x0000000704e00000| PB 0x0000000704e00000| Untracked |  0
|   6|0x0000000705000000, 0x0000000705000000, 0x0000000705200000|  0%| F|  |TAMS 0x0000000705000000| PB 0x0000000705000000| Untracked |  0
|   7|0x0000000705200000, 0x0000000705200000, 0x0000000705400000|  0%| F|  |TAMS 0x0000000705200000| PB 0x0000000705200000| Untracked |  0
|   8|0x0000000705400000, 0x0000000705400000, 0x0000000705600000|  0%| F|  |TAMS 0x0000000705400000| PB 0x0000000705400000| Untracked |  0
|   9|0x0000000705600000, 0x0000000705600000, 0x0000000705800000|  0%| F|  |TAMS 0x0000000705600000| PB 0x0000000705600000| Untracked |  0
|  10|0x0000000705800000, 0x0000000705800000, 0x0000000705a00000|  0%| F|  |TAMS 0x0000000705800000| PB 0x0000000705800000| Untracked |  0
|  11|0x0000000705a00000, 0x0000000705a00000, 0x0000000705c00000|  0%| F|  |TAMS 0x0000000705a00000| PB 0x0000000705a00000| Untracked |  0
|  12|0x0000000705c00000, 0x0000000705c00000, 0x0000000705e00000|  0%| F|  |TAMS 0x0000000705c00000| PB 0x0000000705c00000| Untracked |  0
|  13|0x0000000705e00000, 0x0000000705e00000, 0x0000000706000000|  0%| F|  |TAMS 0x0000000705e00000| PB 0x0000000705e00000| Untracked |  0
|  14|0x0000000706000000, 0x0000000706000000, 0x0000000706200000|  0%| F|  |TAMS 0x0000000706000000| PB 0x0000000706000000| Untracked |  0
|  15|0x0000000706200000, 0x0000000706200000, 0x0000000706400000|  0%| F|  |TAMS 0x0000000706200000| PB 0x0000000706200000| Untracked |  0
|  16|0x0000000706400000, 0x0000000706400000, 0x0000000706600000|  0%| F|  |TAMS 0x0000000706400000| PB 0x0000000706400000| Untracked |  0
|  17|0x0000000706600000, 0x0000000706600000, 0x0000000706800000|  0%| F|  |TAMS 0x0000000706600000| PB 0x0000000706600000| Untracked |  0
|  18|0x0000000706800000, 0x0000000706800000, 0x0000000706a00000|  0%| F|  |TAMS 0x0000000706800000| PB 0x0000000706800000| Untracked |  0
|  19|0x0000000706a00000, 0x0000000706a00000, 0x0000000706c00000|  0%| F|  |TAMS 0x0000000706a00000| PB 0x0000000706a00000| Untracked |  0
|  20|0x0000000706c00000, 0x0000000706c00000, 0x0000000706e00000|  0%| F|  |TAMS 0x0000000706c00000| PB 0x0000000706c00000| Untracked |  0
|  21|0x0000000706e00000, 0x0000000706e00000, 0x0000000707000000|  0%| F|  |TAMS 0x0000000706e00000| PB 0x0000000706e00000| Untracked |  0
|  22|0x0000000707000000, 0x0000000707000000, 0x0000000707200000|  0%| F|  |TAMS 0x0000000707000000| PB 0x0000000707000000| Untracked |  0
|  23|0x0000000707200000, 0x0000000707200000, 0x0000000707400000|  0%| F|  |TAMS 0x0000000707200000| PB 0x0000000707200000| Untracked |  0
|  24|0x0000000707400000, 0x0000000707400000, 0x0000000707600000|  0%| F|  |TAMS 0x0000000707400000| PB 0x0000000707400000| Untracked |  0
|  25|0x0000000707600000, 0x0000000707600000, 0x0000000707800000|  0%| F|  |TAMS 0x0000000707600000| PB 0x0000000707600000| Untracked |  0
|  26|0x0000000707800000, 0x0000000707800000, 0x0000000707a00000|  0%| F|  |TAMS 0x0000000707800000| PB 0x0000000707800000| Untracked |  0
|  27|0x0000000707a00000, 0x0000000707a00000, 0x0000000707c00000|  0%| F|  |TAMS 0x0000000707a00000| PB 0x0000000707a00000| Untracked |  0
|  28|0x0000000707c00000, 0x0000000707c00000, 0x0000000707e00000|  0%| F|  |TAMS 0x0000000707c00000| PB 0x0000000707c00000| Untracked |  0
|  29|0x0000000707e00000, 0x0000000707e00000, 0x0000000708000000|  0%| F|  |TAMS 0x0000000707e00000| PB 0x0000000707e00000| Untracked |  0
|  30|0x0000000708000000, 0x0000000708000000, 0x0000000708200000|  0%| F|  |TAMS 0x0000000708000000| PB 0x0000000708000000| Untracked |  0
|  31|0x0000000708200000, 0x0000000708200000, 0x0000000708400000|  0%| F|  |TAMS 0x0000000708200000| PB 0x0000000708200000| Untracked |  0
|  32|0x0000000708400000, 0x0000000708400000, 0x0000000708600000|  0%| F|  |TAMS 0x0000000708400000| PB 0x0000000708400000| Untracked |  0
|  33|0x0000000708600000, 0x0000000708600000, 0x0000000708800000|  0%| F|  |TAMS 0x0000000708600000| PB 0x0000000708600000| Untracked |  0
|  34|0x0000000708800000, 0x0000000708800000, 0x0000000708a00000|  0%| F|  |TAMS 0x0000000708800000| PB 0x0000000708800000| Untracked |  0
|  35|0x0000000708a00000, 0x0000000708a00000, 0x0000000708c00000|  0%| F|  |TAMS 0x0000000708a00000| PB 0x0000000708a00000| Untracked |  0
|  36|0x0000000708c00000, 0x0000000708c00000, 0x0000000708e00000|  0%| F|  |TAMS 0x0000000708c00000| PB 0x0000000708c00000| Untracked |  0
|  37|0x0000000708e00000, 0x0000000708e00000, 0x0000000709000000|  0%| F|  |TAMS 0x0000000708e00000| PB 0x0000000708e00000| Untracked |  0
|  38|0x0000000709000000, 0x0000000709000000, 0x0000000709200000|  0%| F|  |TAMS 0x0000000709000000| PB 0x0000000709000000| Untracked |  0
|  39|0x0000000709200000, 0x0000000709200000, 0x0000000709400000|  0%| F|  |TAMS 0x0000000709200000| PB 0x0000000709200000| Untracked |  0
|  40|0x0000000709400000, 0x0000000709400000, 0x0000000709600000|  0%| F|  |TAMS 0x0000000709400000| PB 0x0000000709400000| Untracked |  0
|  41|0x0000000709600000, 0x0000000709600000, 0x0000000709800000|  0%| F|  |TAMS 0x0000000709600000| PB 0x0000000709600000| Untracked |  0
|  42|0x0000000709800000, 0x0000000709800000, 0x0000000709a00000|  0%| F|  |TAMS 0x0000000709800000| PB 0x0000000709800000| Untracked |  0
|  43|0x0000000709a00000, 0x0000000709a00000, 0x0000000709c00000|  0%| F|  |TAMS 0x0000000709a00000| PB 0x0000000709a00000| Untracked |  0
|  44|0x0000000709c00000, 0x0000000709c00000, 0x0000000709e00000|  0%| F|  |TAMS 0x0000000709c00000| PB 0x0000000709c00000| Untracked |  0
|  45|0x0000000709e00000, 0x0000000709e00000, 0x000000070a000000|  0%| F|  |TAMS 0x0000000709e00000| PB 0x0000000709e00000| Untracked |  0
|  46|0x000000070a000000, 0x000000070a000000, 0x000000070a200000|  0%| F|  |TAMS 0x000000070a000000| PB 0x000000070a000000| Untracked |  0
|  47|0x000000070a200000, 0x000000070a200000, 0x000000070a400000|  0%| F|  |TAMS 0x000000070a200000| PB 0x000000070a200000| Untracked |  0
|  48|0x000000070a400000, 0x000000070a400000, 0x000000070a600000|  0%| F|  |TAMS 0x000000070a400000| PB 0x000000070a400000| Untracked |  0
|  49|0x000000070a600000, 0x000000070a600000, 0x000000070a800000|  0%| F|  |TAMS 0x000000070a600000| PB 0x000000070a600000| Untracked |  0
|  50|0x000000070a800000, 0x000000070a800000, 0x000000070aa00000|  0%| F|  |TAMS 0x000000070a800000| PB 0x000000070a800000| Untracked |  0
|  51|0x000000070aa00000, 0x000000070aa00000, 0x000000070ac00000|  0%| F|  |TAMS 0x000000070aa00000| PB 0x000000070aa00000| Untracked |  0
|  52|0x000000070ac00000, 0x000000070ac00000, 0x000000070ae00000|  0%| F|  |TAMS 0x000000070ac00000| PB 0x000000070ac00000| Untracked |  0
|  53|0x000000070ae00000, 0x000000070ae00000, 0x000000070b000000|  0%| F|  |TAMS 0x000000070ae00000| PB 0x000000070ae00000| Untracked |  0
|  54|0x000000070b000000, 0x000000070b000000, 0x000000070b200000|  0%| F|  |TAMS 0x000000070b000000| PB 0x000000070b000000| Untracked |  0
|  55|0x000000070b200000, 0x000000070b200000, 0x000000070b400000|  0%| F|  |TAMS 0x000000070b200000| PB 0x000000070b200000| Untracked |  0
|  56|0x000000070b400000, 0x000000070b400000, 0x000000070b600000|  0%| F|  |TAMS 0x000000070b400000| PB 0x000000070b400000| Untracked |  0
|  57|0x000000070b600000, 0x000000070b600000, 0x000000070b800000|  0%| F|  |TAMS 0x000000070b600000| PB 0x000000070b600000| Untracked |  0
|  58|0x000000070b800000, 0x000000070b800000, 0x000000070ba00000|  0%| F|  |TAMS 0x000000070b800000| PB 0x000000070b800000| Untracked |  0
|  59|0x000000070ba00000, 0x000000070ba00000, 0x000000070bc00000|  0%| F|  |TAMS 0x000000070ba00000| PB 0x000000070ba00000| Untracked |  0
|  60|0x000000070bc00000, 0x000000070bc00000, 0x000000070be00000|  0%| F|  |TAMS 0x000000070bc00000| PB 0x000000070bc00000| Untracked |  0
|  61|0x000000070be00000, 0x000000070be00000, 0x000000070c000000|  0%| F|  |TAMS 0x000000070be00000| PB 0x000000070be00000| Untracked |  0
|  62|0x000000070c000000, 0x000000070c000000, 0x000000070c200000|  0%| F|  |TAMS 0x000000070c000000| PB 0x000000070c000000| Untracked |  0
|  63|0x000000070c200000, 0x000000070c200000, 0x000000070c400000|  0%| F|  |TAMS 0x000000070c200000| PB 0x000000070c200000| Untracked |  0
|  64|0x000000070c400000, 0x000000070c400000, 0x000000070c600000|  0%| F|  |TAMS 0x000000070c400000| PB 0x000000070c400000| Untracked |  0
|  65|0x000000070c600000, 0x000000070c600000, 0x000000070c800000|  0%| F|  |TAMS 0x000000070c600000| PB 0x000000070c600000| Untracked |  0
|  66|0x000000070c800000, 0x000000070c800000, 0x000000070ca00000|  0%| F|  |TAMS 0x000000070c800000| PB 0x000000070c800000| Untracked |  0
|  67|0x000000070ca00000, 0x000000070ca00000, 0x000000070cc00000|  0%| F|  |TAMS 0x000000070ca00000| PB 0x000000070ca00000| Untracked |  0
|  68|0x000000070cc00000, 0x000000070cc00000, 0x000000070ce00000|  0%| F|  |TAMS 0x000000070cc00000| PB 0x000000070cc00000| Untracked |  0
|  69|0x000000070ce00000, 0x000000070ce00000, 0x000000070d000000|  0%| F|  |TAMS 0x000000070ce00000| PB 0x000000070ce00000| Untracked |  0
|  70|0x000000070d000000, 0x000000070d000000, 0x000000070d200000|  0%| F|  |TAMS 0x000000070d000000| PB 0x000000070d000000| Untracked |  0
|  71|0x000000070d200000, 0x000000070d200000, 0x000000070d400000|  0%| F|  |TAMS 0x000000070d200000| PB 0x000000070d200000| Untracked |  0
|  72|0x000000070d400000, 0x000000070d400000, 0x000000070d600000|  0%| F|  |TAMS 0x000000070d400000| PB 0x000000070d400000| Untracked |  0
|  73|0x000000070d600000, 0x000000070d600000, 0x000000070d800000|  0%| F|  |TAMS 0x000000070d600000| PB 0x000000070d600000| Untracked |  0
|  74|0x000000070d800000, 0x000000070d800000, 0x000000070da00000|  0%| F|  |TAMS 0x000000070d800000| PB 0x000000070d800000| Untracked |  0
|  75|0x000000070da00000, 0x000000070da00000, 0x000000070dc00000|  0%| F|  |TAMS 0x000000070da00000| PB 0x000000070da00000| Untracked |  0
|  76|0x000000070dc00000, 0x000000070dc00000, 0x000000070de00000|  0%| F|  |TAMS 0x000000070dc00000| PB 0x000000070dc00000| Untracked |  0
|  77|0x000000070de00000, 0x000000070de00000, 0x000000070e000000|  0%| F|  |TAMS 0x000000070de00000| PB 0x000000070de00000| Untracked |  0
|  78|0x000000070e000000, 0x000000070e000000, 0x000000070e200000|  0%| F|  |TAMS 0x000000070e000000| PB 0x000000070e000000| Untracked |  0
|  79|0x000000070e200000, 0x000000070e200000, 0x000000070e400000|  0%| F|  |TAMS 0x000000070e200000| PB 0x000000070e200000| Untracked |  0
|  80|0x000000070e400000, 0x000000070e400000, 0x000000070e600000|  0%| F|  |TAMS 0x000000070e400000| PB 0x000000070e400000| Untracked |  0
|  81|0x000000070e600000, 0x000000070e600000, 0x000000070e800000|  0%| F|  |TAMS 0x000000070e600000| PB 0x000000070e600000| Untracked |  0
|  82|0x000000070e800000, 0x000000070e800000, 0x000000070ea00000|  0%| F|  |TAMS 0x000000070e800000| PB 0x000000070e800000| Untracked |  0
|  83|0x000000070ea00000, 0x000000070ea00000, 0x000000070ec00000|  0%| F|  |TAMS 0x000000070ea00000| PB 0x000000070ea00000| Untracked |  0
|  84|0x000000070ec00000, 0x000000070ec00000, 0x000000070ee00000|  0%| F|  |TAMS 0x000000070ec00000| PB 0x000000070ec00000| Untracked |  0
|  85|0x000000070ee00000, 0x000000070ee00000, 0x000000070f000000|  0%| F|  |TAMS 0x000000070ee00000| PB 0x000000070ee00000| Untracked |  0
|  86|0x000000070f000000, 0x000000070f000000, 0x000000070f200000|  0%| F|  |TAMS 0x000000070f000000| PB 0x000000070f000000| Untracked |  0
|  87|0x000000070f200000, 0x000000070f200000, 0x000000070f400000|  0%| F|  |TAMS 0x000000070f200000| PB 0x000000070f200000| Untracked |  0
|  88|0x000000070f400000, 0x000000070f400000, 0x000000070f600000|  0%| F|  |TAMS 0x000000070f400000| PB 0x000000070f400000| Untracked |  0
|  89|0x000000070f600000, 0x000000070f600000, 0x000000070f800000|  0%| F|  |TAMS 0x000000070f600000| PB 0x000000070f600000| Untracked |  0
|  90|0x000000070f800000, 0x000000070f800000, 0x000000070fa00000|  0%| F|  |TAMS 0x000000070f800000| PB 0x000000070f800000| Untracked |  0
|  91|0x000000070fa00000, 0x000000070fa00000, 0x000000070fc00000|  0%| F|  |TAMS 0x000000070fa00000| PB 0x000000070fa00000| Untracked |  0
|  92|0x000000070fc00000, 0x000000070fc00000, 0x000000070fe00000|  0%| F|  |TAMS 0x000000070fc00000| PB 0x000000070fc00000| Untracked |  0
|  93|0x000000070fe00000, 0x000000070fe00000, 0x0000000710000000|  0%| F|  |TAMS 0x000000070fe00000| PB 0x000000070fe00000| Untracked |  0
|  94|0x0000000710000000, 0x0000000710000000, 0x0000000710200000|  0%| F|  |TAMS 0x0000000710000000| PB 0x0000000710000000| Untracked |  0
|  95|0x0000000710200000, 0x0000000710200000, 0x0000000710400000|  0%| F|  |TAMS 0x0000000710200000| PB 0x0000000710200000| Untracked |  0
|  96|0x0000000710400000, 0x0000000710400000, 0x0000000710600000|  0%| F|  |TAMS 0x0000000710400000| PB 0x0000000710400000| Untracked |  0
|  97|0x0000000710600000, 0x0000000710600000, 0x0000000710800000|  0%| F|  |TAMS 0x0000000710600000| PB 0x0000000710600000| Untracked |  0
|  98|0x0000000710800000, 0x0000000710800000, 0x0000000710a00000|  0%| F|  |TAMS 0x0000000710800000| PB 0x0000000710800000| Untracked |  0
|  99|0x0000000710a00000, 0x0000000710a00000, 0x0000000710c00000|  0%| F|  |TAMS 0x0000000710a00000| PB 0x0000000710a00000| Untracked |  0
| 100|0x0000000710c00000, 0x0000000710c00000, 0x0000000710e00000|  0%| F|  |TAMS 0x0000000710c00000| PB 0x0000000710c00000| Untracked |  0
| 101|0x0000000710e00000, 0x0000000710e00000, 0x0000000711000000|  0%| F|  |TAMS 0x0000000710e00000| PB 0x0000000710e00000| Untracked |  0
| 102|0x0000000711000000, 0x0000000711000000, 0x0000000711200000|  0%| F|  |TAMS 0x0000000711000000| PB 0x0000000711000000| Untracked |  0
| 103|0x0000000711200000, 0x0000000711200000, 0x0000000711400000|  0%| F|  |TAMS 0x0000000711200000| PB 0x0000000711200000| Untracked |  0
| 104|0x0000000711400000, 0x0000000711400000, 0x0000000711600000|  0%| F|  |TAMS 0x0000000711400000| PB 0x0000000711400000| Untracked |  0
| 105|0x0000000711600000, 0x0000000711600000, 0x0000000711800000|  0%| F|  |TAMS 0x0000000711600000| PB 0x0000000711600000| Untracked |  0
| 106|0x0000000711800000, 0x0000000711800000, 0x0000000711a00000|  0%| F|  |TAMS 0x0000000711800000| PB 0x0000000711800000| Untracked |  0
| 107|0x0000000711a00000, 0x0000000711a00000, 0x0000000711c00000|  0%| F|  |TAMS 0x0000000711a00000| PB 0x0000000711a00000| Untracked |  0
| 108|0x0000000711c00000, 0x0000000711c00000, 0x0000000711e00000|  0%| F|  |TAMS 0x0000000711c00000| PB 0x0000000711c00000| Untracked |  0
| 109|0x0000000711e00000, 0x0000000711e00000, 0x0000000712000000|  0%| F|  |TAMS 0x0000000711e00000| PB 0x0000000711e00000| Untracked |  0
| 110|0x0000000712000000, 0x0000000712000000, 0x0000000712200000|  0%| F|  |TAMS 0x0000000712000000| PB 0x0000000712000000| Untracked |  0
| 111|0x0000000712200000, 0x0000000712200000, 0x0000000712400000|  0%| F|  |TAMS 0x0000000712200000| PB 0x0000000712200000| Untracked |  0
| 112|0x0000000712400000, 0x00000007124baa60, 0x0000000712600000| 36%| S|CS|TAMS 0x0000000712400000| PB 0x0000000712400000| Complete |  0
| 113|0x0000000712600000, 0x0000000712800000, 0x0000000712800000|100%| S|CS|TAMS 0x0000000712600000| PB 0x0000000712600000| Complete |  0
| 114|0x0000000712800000, 0x0000000712800000, 0x0000000712a00000|  0%| F|  |TAMS 0x0000000712800000| PB 0x0000000712800000| Untracked |  0
| 115|0x0000000712a00000, 0x0000000712a00000, 0x0000000712c00000|  0%| F|  |TAMS 0x0000000712a00000| PB 0x0000000712a00000| Untracked |  0
| 116|0x0000000712c00000, 0x0000000712c00000, 0x0000000712e00000|  0%| F|  |TAMS 0x0000000712c00000| PB 0x0000000712c00000| Untracked |  0
| 117|0x0000000712e00000, 0x0000000712e00000, 0x0000000713000000|  0%| F|  |TAMS 0x0000000712e00000| PB 0x0000000712e00000| Untracked |  0
| 118|0x0000000713000000, 0x0000000713000000, 0x0000000713200000|  0%| F|  |TAMS 0x0000000713000000| PB 0x0000000713000000| Untracked |  0
| 119|0x0000000713200000, 0x0000000713200000, 0x0000000713400000|  0%| F|  |TAMS 0x0000000713200000| PB 0x0000000713200000| Untracked |  0
| 120|0x0000000713400000, 0x0000000713400000, 0x0000000713600000|  0%| F|  |TAMS 0x0000000713400000| PB 0x0000000713400000| Untracked |  0
| 121|0x0000000713600000, 0x0000000713600000, 0x0000000713800000|  0%| F|  |TAMS 0x0000000713600000| PB 0x0000000713600000| Untracked |  0
| 122|0x0000000713800000, 0x0000000713800000, 0x0000000713a00000|  0%| F|  |TAMS 0x0000000713800000| PB 0x0000000713800000| Untracked |  0
| 123|0x0000000713a00000, 0x0000000713a00000, 0x0000000713c00000|  0%| F|  |TAMS 0x0000000713a00000| PB 0x0000000713a00000| Untracked |  0
| 124|0x0000000713c00000, 0x0000000713d23cb8, 0x0000000713e00000| 56%| E|  |TAMS 0x0000000713c00000| PB 0x0000000713c00000| Complete |  0
| 125|0x0000000713e00000, 0x0000000714000000, 0x0000000714000000|100%| E|CS|TAMS 0x0000000713e00000| PB 0x0000000713e00000| Complete |  0

Card table byte_map: [0x00000229fac20000,0x00000229fb400000] _byte_map_base: 0x00000229f73fe000

Marking Bits: (CMBitMap*) 0x00000229e0765d70
 Bits: [0x00000229fb400000, 0x00000229ff2f0000)

Polling page: 0x00000229e07c0000

Metaspace:

Usage:
  Non-class:      4.25 MB used.
      Class:    599.41 KB used.
       Both:      4.83 MB used.

Virtual space:
  Non-class space:       64.00 MB reserved,       4.31 MB (  7%) committed,  1 nodes.
      Class space:        1.00 GB reserved,     704.00 KB ( <1%) committed,  1 nodes.
             Both:        1.06 GB reserved,       5.00 MB ( <1%) committed. 

Chunk freelists:
   Non-Class:  9.64 MB
       Class:  15.34 MB
        Both:  24.98 MB

MaxMetaspaceSize: unlimited
CompressedClassSpaceSize: 1.00 GB
Initial GC threshold: 21.00 MB
Current GC threshold: 21.00 MB
CDS: on
 - commit_granule_bytes: 65536.
 - commit_granule_words: 8192.
 - virtual_space_node_default_size: 8388608.
 - enlarge_chunks_in_place: 1.
 - use_allocation_guard: 0.


Internal statistics:

num_allocs_failed_limit: 0.
num_arena_births: 118.
num_arena_deaths: 0.
num_vsnodes_births: 2.
num_vsnodes_deaths: 0.
num_space_committed: 80.
num_space_uncommitted: 0.
num_chunks_returned_to_freelist: 0.
num_chunks_taken_from_freelist: 251.
num_chunk_merges: 0.
num_chunk_splits: 168.
num_chunks_enlarged: 116.
num_inconsistent_stats: 0.

CodeHeap 'non-profiled nmethods': size=120064Kb used=317Kb max_used=317Kb free=119746Kb
 bounds [0x00000229f2260000, 0x00000229f24d0000, 0x00000229f97a0000]
CodeHeap 'profiled nmethods': size=120000Kb used=1113Kb max_used=1113Kb free=118886Kb
 bounds [0x00000229ea7a0000, 0x00000229eaa10000, 0x00000229f1cd0000]
CodeHeap 'non-nmethods': size=5696Kb used=1435Kb max_used=1444Kb free=4261Kb
 bounds [0x00000229f1cd0000, 0x00000229f1f40000, 0x00000229f2260000]
CodeCache: size=245760Kb, used=2865Kb, max_used=2874Kb, free=242893Kb
 total_blobs=1547, nmethods=1014, adapters=439, full_count=0
Compilation: enabled, stopped_count=0, restarted_count=0

Compilation events (20 events):
Event: 0.438 Thread 0x00000229821cfa00 nmethod 940 0x00000229f22ac488 code [0x00000229f22ac5c0, 0x00000229f22acc28]
Event: 0.438 Thread 0x00000229821cfa00  941       4       java.lang.invoke.MemberName::getReferenceKind (12 bytes)
Event: 0.438 Thread 0x00000229821cfa00 nmethod 941 0x00000229f22acc88 code [0x00000229f22acd80, 0x00000229f22ace00]
Event: 0.438 Thread 0x00000229821cfa00  953       4       java.util.HashSet::add (20 bytes)
Event: 0.438 Thread 0x00000229821d2f00 nmethod 954 0x00000229ea89fc08 code [0x00000229ea89fe40, 0x00000229ea8a0c30]
Event: 0.438 Thread 0x00000229821d2f00  955       3       java.util.concurrent.locks.AbstractQueuedSynchronizer::releaseShared (19 bytes)
Event: 0.439 Thread 0x00000229821d2f00 nmethod 955 0x00000229ea8a0d08 code [0x00000229ea8a0ea0, 0x00000229ea8a1488]
Event: 0.439 Thread 0x00000229821d2f00  956       3       java.lang.invoke.MethodType::changeReturnType (20 bytes)
Event: 0.439 Thread 0x00000229821d2f00 nmethod 956 0x00000229ea8a1508 code [0x00000229ea8a1640, 0x00000229ea8a1808]
Event: 0.439 Thread 0x00000229821d2f00  957   !   3       java.util.zip.ZipFile::getInputStream (275 bytes)
Event: 0.440 Thread 0x00000229821d2f00 nmethod 957 0x00000229ea8a1888 code [0x00000229ea8a1b00, 0x00000229ea8a2e98]
Event: 0.440 Thread 0x00000229821d2f00  958       3       java.util.concurrent.locks.ReentrantReadWriteLock$Sync::tryAcquireShared (177 bytes)
Event: 0.440 Thread 0x00000229821d2f00 nmethod 958 0x00000229ea8a2f08 code [0x00000229ea8a3120, 0x00000229ea8a3f88]
Event: 0.440 Thread 0x00000229821d2f00  959       3       java.util.concurrent.locks.ReentrantReadWriteLock$Sync::exclusiveCount (5 bytes)
Event: 0.441 Thread 0x00000229821d2f00 nmethod 959 0x00000229ea8a4008 code [0x00000229ea8a4120, 0x00000229ea8a4218]
Event: 0.441 Thread 0x00000229821d2f00  960       3       java.util.concurrent.locks.ReentrantReadWriteLock$Sync::sharedCount (5 bytes)
Event: 0.441 Thread 0x00000229821d2f00 nmethod 960 0x00000229ea8a4308 code [0x00000229ea8a4420, 0x00000229ea8a4510]
Event: 0.441 Thread 0x00000229821d2f00  961       3       java.util.concurrent.locks.ReentrantReadWriteLock$NonfairSync::readerShouldBlock (5 bytes)
Event: 0.441 Thread 0x00000229821d2f00 nmethod 961 0x00000229ea8a4608 code [0x00000229ea8a4720, 0x00000229ea8a4858]
Event: 0.441 Thread 0x00000229821d2f00  962       3       java.util.concurrent.locks.AbstractQueuedSynchronizer::apparentlyFirstQueuedIsExclusive (38 bytes)

GC Heap History (0 events):
No events

Dll operation events (20 events):
Event: 0.245 Loaded shared library C:\Users\Huawei\.openjfx\cache\25+29\amd64\api-ms-win-crt-filesystem-l1-1-0.dll
Event: 0.246 Loaded shared library C:\Users\Huawei\.openjfx\cache\25+29\amd64\api-ms-win-crt-heap-l1-1-0.dll
Event: 0.247 Loaded shared library C:\Users\Huawei\.openjfx\cache\25+29\amd64\api-ms-win-crt-locale-l1-1-0.dll
Event: 0.248 Loaded shared library C:\Users\Huawei\.openjfx\cache\25+29\amd64\api-ms-win-crt-math-l1-1-0.dll
Event: 0.250 Loaded shared library C:\Users\Huawei\.openjfx\cache\25+29\amd64\api-ms-win-crt-multibyte-l1-1-0.dll
Event: 0.251 Loaded shared library C:\Users\Huawei\.openjfx\cache\25+29\amd64\api-ms-win-crt-private-l1-1-0.dll
Event: 0.252 Loaded shared library C:\Users\Huawei\.openjfx\cache\25+29\amd64\api-ms-win-crt-process-l1-1-0.dll
Event: 0.254 Loaded shared library C:\Users\Huawei\.openjfx\cache\25+29\amd64\api-ms-win-crt-runtime-l1-1-0.dll
Event: 0.255 Loaded shared library C:\Users\Huawei\.openjfx\cache\25+29\amd64\api-ms-win-crt-stdio-l1-1-0.dll
Event: 0.256 Loaded shared library C:\Users\Huawei\.openjfx\cache\25+29\amd64\api-ms-win-crt-string-l1-1-0.dll
Event: 0.258 Loaded shared library C:\Users\Huawei\.openjfx\cache\25+29\amd64\api-ms-win-crt-time-l1-1-0.dll
Event: 0.259 Loaded shared library C:\Users\Huawei\.openjfx\cache\25+29\amd64\api-ms-win-crt-utility-l1-1-0.dll
Event: 0.269 Loaded shared library C:\Users\Huawei\.openjfx\cache\25+29\amd64\ucrtbase.dll
Event: 0.271 Loaded shared library C:\Users\Huawei\.openjfx\cache\25+29\amd64\vcruntime140.dll
Event: 0.273 Loaded shared library C:\Users\Huawei\.openjfx\cache\25+29\amd64\vcruntime140_1.dll
Event: 0.277 Loaded shared library C:\Users\Huawei\.openjfx\cache\25+29\amd64\msvcp140.dll
Event: 0.279 Loaded shared library C:\Users\Huawei\.openjfx\cache\25+29\amd64\msvcp140_1.dll
Event: 0.281 Loaded shared library C:\Users\Huawei\.openjfx\cache\25+29\amd64\msvcp140_2.dll
Event: 0.302 Loaded shared library C:\Users\Huawei\.openjfx\cache\25+29\amd64\prism_d3d.dll
Event: 0.353 Loaded shared library C:\Users\Huawei\.openjfx\cache\25+29\amd64\glass.dll

Deoptimization events (20 events):
Event: 0.267 Thread 0x00000229e052cc10 DEOPT PACKING pc=0x00000229ea8601af sp=0x0000002c667fe570
Event: 0.267 Thread 0x00000229e052cc10 DEOPT UNPACKING pc=0x00000229f1d24b22 sp=0x0000002c667fd990 mode 0
Event: 0.268 Thread 0x00000229e052cc10 DEOPT PACKING pc=0x00000229ea855a53 sp=0x0000002c667fe540
Event: 0.268 Thread 0x00000229e052cc10 DEOPT UNPACKING pc=0x00000229f1d24b22 sp=0x0000002c667fd9d8 mode 0
Event: 0.348 Thread 0x00000229e052cc10 Uncommon trap: trap_request=0xffffffc6 fr.pc=0x00000229f2281a90 relative=0x0000000000000c10
Event: 0.348 Thread 0x00000229e052cc10 Uncommon trap: reason=bimorphic_or_optimized_type_check action=maybe_recompile pc=0x00000229f2281a90 method=java.util.HashMap.putVal(ILjava/lang/Object;Ljava/lang/Object;ZZ)Ljava/lang/Object; @ 56 c2
Event: 0.348 Thread 0x00000229e052cc10 DEOPT PACKING pc=0x00000229f2281a90 sp=0x0000002c667fd680
Event: 0.348 Thread 0x00000229e052cc10 DEOPT UNPACKING pc=0x00000229f1d24402 sp=0x0000002c667fd608 mode 2
Event: 0.348 Thread 0x00000229e052cc10 Uncommon trap: trap_request=0xffffffc6 fr.pc=0x00000229f2281a90 relative=0x0000000000000c10
Event: 0.348 Thread 0x00000229e052cc10 Uncommon trap: reason=bimorphic_or_optimized_type_check action=maybe_recompile pc=0x00000229f2281a90 method=java.util.HashMap.putVal(ILjava/lang/Object;Ljava/lang/Object;ZZ)Ljava/lang/Object; @ 56 c2
Event: 0.348 Thread 0x00000229e052cc10 DEOPT PACKING pc=0x00000229f2281a90 sp=0x0000002c667fd680
Event: 0.348 Thread 0x00000229e052cc10 DEOPT UNPACKING pc=0x00000229f1d24402 sp=0x0000002c667fd608 mode 2
Event: 0.348 Thread 0x00000229e052cc10 Uncommon trap: trap_request=0xffffffc6 fr.pc=0x00000229f2281a90 relative=0x0000000000000c10
Event: 0.348 Thread 0x00000229e052cc10 Uncommon trap: reason=bimorphic_or_optimized_type_check action=maybe_recompile pc=0x00000229f2281a90 method=java.util.HashMap.putVal(ILjava/lang/Object;Ljava/lang/Object;ZZ)Ljava/lang/Object; @ 56 c2
Event: 0.348 Thread 0x00000229e052cc10 DEOPT PACKING pc=0x00000229f2281a90 sp=0x0000002c667fd680
Event: 0.348 Thread 0x00000229e052cc10 DEOPT UNPACKING pc=0x00000229f1d24402 sp=0x0000002c667fd608 mode 2
Event: 0.348 Thread 0x00000229e052cc10 Uncommon trap: trap_request=0xffffffc6 fr.pc=0x00000229f2281a90 relative=0x0000000000000c10
Event: 0.348 Thread 0x00000229e052cc10 Uncommon trap: reason=bimorphic_or_optimized_type_check action=maybe_recompile pc=0x00000229f2281a90 method=java.util.HashMap.putVal(ILjava/lang/Object;Ljava/lang/Object;ZZ)Ljava/lang/Object; @ 56 c2
Event: 0.348 Thread 0x00000229e052cc10 DEOPT PACKING pc=0x00000229f2281a90 sp=0x0000002c667fd680
Event: 0.348 Thread 0x00000229e052cc10 DEOPT UNPACKING pc=0x00000229f1d24402 sp=0x0000002c667fd608 mode 2

Classes loaded (20 events):
Event: 0.367 Loading class java/util/concurrent/FutureTask
Event: 0.367 Loading class java/util/concurrent/FutureTask done
Event: 0.368 Loading class java/util/concurrent/CancellationException
Event: 0.368 Loading class java/util/concurrent/CancellationException done
Event: 0.368 Loading class java/util/concurrent/ExecutionException
Event: 0.368 Loading class java/util/concurrent/ExecutionException done
Event: 0.368 Loading class java/util/concurrent/FutureTask$WaitNode
Event: 0.368 Loading class java/util/concurrent/FutureTask$WaitNode done
Event: 0.368 Loading class java/util/concurrent/Executors$RunnableAdapter
Event: 0.368 Loading class java/util/concurrent/Executors$RunnableAdapter done
Event: 0.425 Loading class java/lang/IndexOutOfBoundsException
Event: 0.425 Loading class java/lang/IndexOutOfBoundsException done
Event: 0.426 Loading class java/util/NoSuchElementException
Event: 0.426 Loading class java/util/NoSuchElementException done
Event: 0.430 Loading class java/util/AbstractList$Itr
Event: 0.430 Loading class java/util/AbstractList$Itr done
Event: 0.432 Loading class java/util/concurrent/LinkedBlockingDeque$Node
Event: 0.432 Loading class java/util/concurrent/LinkedBlockingDeque$Node done
Event: 0.436 Loading class java/lang/StackTraceElement$HashedModules
Event: 0.436 Loading class java/lang/StackTraceElement$HashedModules done

Classes unloaded (0 events):
No events

Classes redefined (0 events):
No events

Internal exceptions (10 events):
Event: 0.144 Thread 0x00000229e052cc10 Exception <a 'java/lang/NoSuchMethodError'{0x00000007139c3420}: 'void java.lang.invoke.DirectMethodHandle$Holder.invokeSpecial(java.lang.Object, java.lang.Object, java.lang.Object)'> (0x00000007139c3420) 
thrown [s\open\src\hotspot\share\interpreter\linkResolver.cpp, line 796]
Event: 0.145 Thread 0x00000229e052cc10 Exception <a 'java/lang/NoSuchMethodError'{0x00000007139ccba0}: 'void java.lang.invoke.DirectMethodHandle$Holder.invokeStatic(java.lang.Object, int, java.lang.Object)'> (0x00000007139ccba0) 
thrown [s\open\src\hotspot\share\interpreter\linkResolver.cpp, line 796]
Event: 0.155 Thread 0x00000229e052cc10 Exception <a 'java/lang/NoSuchMethodError'{0x0000000713632070}: 'void java.lang.invoke.DirectMethodHandle$Holder.invokeStatic(java.lang.Object, java.lang.Object, java.lang.Object, java.lang.Object)'> (0x0000000713632070) 
thrown [s\open\src\hotspot\share\interpreter\linkResolver.cpp, line 796]
Event: 0.155 Thread 0x00000229e052cc10 Exception <a 'java/lang/NoSuchMethodError'{0x0000000713635d90}: 'void java.lang.invoke.DirectMethodHandle$Holder.invokeSpecial(java.lang.Object, java.lang.Object, java.lang.Object, java.lang.Object, java.lang.Object)'> (0x0000000713635d90) 
thrown [s\open\src\hotspot\share\interpreter\linkResolver.cpp, line 796]
Event: 0.157 Thread 0x00000229e052cc10 Exception <a 'java/lang/NoSuchMethodError'{0x0000000713648570}: 'void java.lang.invoke.DirectMethodHandle$Holder.invokeStatic(java.lang.Object, java.lang.Object)'> (0x0000000713648570) 
thrown [s\open\src\hotspot\share\interpreter\linkResolver.cpp, line 796]
Event: 0.343 Thread 0x00000229e052cc10 Exception <a 'java/lang/NoSuchMethodError'{0x000000071316c268}: 'int java.lang.invoke.DirectMethodHandle$Holder.invokeStaticInit(java.lang.Object, java.lang.Object, java.lang.Object)'> (0x000000071316c268) 
thrown [s\open\src\hotspot\share\interpreter\linkResolver.cpp, line 796]
Event: 0.355 Thread 0x00000229e052cc10 Exception <a 'java/lang/NoSuchMethodError'{0x0000000712ec0c68}: 'java.lang.Object java.lang.invoke.DirectMethodHandle$Holder.newInvokeSpecial(java.lang.Object, java.lang.Object, int, java.lang.Object)'> (0x0000000712ec0c68) 
thrown [s\open\src\hotspot\share\interpreter\linkResolver.cpp, line 796]
Event: 0.356 Thread 0x00000229e052cc10 Exception <a 'java/lang/NoSuchMethodError'{0x0000000712ec4eb8}: 'java.lang.Object java.lang.invoke.DirectMethodHandle$Holder.invokeSpecial(java.lang.Object, java.lang.Object, java.lang.Object, int, java.lang.Object)'> (0x0000000712ec4eb8) 
thrown [s\open\src\hotspot\share\interpreter\linkResolver.cpp, line 796]
Event: 0.429 Thread 0x00000229823695a0 Exception <a 'java/lang/NoSuchMethodError'{0x0000000712a551f8}: 'void java.lang.invoke.DirectMethodHandle$Holder.invokeStaticInit(java.lang.Object)'> (0x0000000712a551f8) 
thrown [s\open\src\hotspot\share\interpreter\linkResolver.cpp, line 796]
Event: 0.431 Thread 0x00000229e052cc10 Exception <a 'java/lang/NoSuchMethodError'{0x0000000712ecef40}: 'java.lang.Object java.lang.invoke.DirectMethodHandle$Holder.newInvokeSpecial(java.lang.Object, java.lang.Object, java.lang.Object, java.lang.Object, java.lang.Object, java.lang.Object)'> (0x0000000712ecef40) 
thrown [s\open\src\hotspot\share\interpreter\linkResolver.cpp, line 796]

VM Operations (6 events):
Event: 0.081 Executing VM operation: HandshakeAllThreads (Deoptimize)
Event: 0.081 Executing VM operation: HandshakeAllThreads (Deoptimize) done
Event: 0.105 Executing VM operation: HandshakeAllThreads (Deoptimize)
Event: 0.105 Executing VM operation: HandshakeAllThreads (Deoptimize) done
Event: 0.348 Executing VM operation: HandshakeAllThreads (Deoptimize)
Event: 0.348 Executing VM operation: HandshakeAllThreads (Deoptimize) done

Memory protections (0 events):
No events

Nmethod flushes (0 events):
No events

Events (18 events):
Event: 0.016 Thread 0x00000229e052cc10 Thread added: 0x00000229e052cc10
Event: 0.024 Thread 0x00000229e052cc10 Thread added: 0x00000229821c4b80
Event: 0.024 Thread 0x00000229e052cc10 Thread added: 0x00000229821c57e0
Event: 0.025 Thread 0x00000229e052cc10 Thread added: 0x00000229821cbca0
Event: 0.025 Thread 0x00000229e052cc10 Thread added: 0x00000229821cc830
Event: 0.025 Thread 0x00000229e052cc10 Thread added: 0x00000229821cd4f0
Event: 0.025 Thread 0x00000229e052cc10 Thread added: 0x00000229821cec70
Event: 0.025 Thread 0x00000229e052cc10 Thread added: 0x00000229821cfa00
Event: 0.025 Thread 0x00000229e052cc10 Thread added: 0x00000229821d2f00
Event: 0.059 Thread 0x00000229e052cc10 Thread added: 0x00000229822e3990
Event: 0.078 Thread 0x00000229821d2f00 Thread added: 0x0000022982388750
Event: 0.089 Thread 0x00000229821d2f00 Thread added: 0x00000229823695a0
Event: 0.111 Thread 0x00000229e052cc10 Thread added: 0x0000022982850450
Event: 0.296 Thread 0x00000229e052cc10 Thread added: 0x0000022982b7dff0
Event: 0.354 Thread 0x00000229e052cc10 Thread added: 0x0000022982deccb0
Event: 0.355 Thread 0x00000229823695a0 Thread exited: 0x00000229823695a0
Event: 0.356 Thread 0x00000229e052cc10 Thread added: 0x00000229823695a0
Event: 0.437 Thread 0x00000229e052cc10 Thread added: 0x00000229cfe4c810


Dynamic libraries:
0x00007ff62b060000 - 0x00007ff62b06e000 	D:\Programme\Java\openjdk-23.0.2_windows-x64_bin\jdk-23.0.2\bin\java.exe
0x00007ffd26440000 - 0x00007ffd266a8000 	C:\WINDOWS\SYSTEM32\ntdll.dll
0x00007ffcbb610000 - 0x00007ffcbb630000 	C:\Program Files\Norton\Suite\aswhook.dll
0x00007ffd25440000 - 0x00007ffd25509000 	C:\WINDOWS\System32\KERNEL32.DLL
0x00007ffd23b90000 - 0x00007ffd23f82000 	C:\WINDOWS\System32\KERNELBASE.dll
0x00007ffd23f90000 - 0x00007ffd240db000 	C:\WINDOWS\System32\ucrtbase.dll
0x00007ffd11a80000 - 0x00007ffd11a97000 	D:\Programme\Java\openjdk-23.0.2_windows-x64_bin\jdk-23.0.2\bin\jli.dll
0x00007ffce82b0000 - 0x00007ffce82cb000 	D:\Programme\Java\openjdk-23.0.2_windows-x64_bin\jdk-23.0.2\bin\VCRUNTIME140.dll
0x00007ffd24cc0000 - 0x00007ffd24e85000 	C:\WINDOWS\System32\USER32.dll
0x00007ffd23880000 - 0x00007ffd238a7000 	C:\WINDOWS\System32\win32u.dll
0x00007ffcfd530000 - 0x00007ffcfd7c3000 	C:\WINDOWS\WinSxS\amd64_microsoft.windows.common-controls_6595b64144ccf1df_6.0.26100.6899_none_3e0efeeae32e88c1\COMCTL32.dll
0x00007ffd25ae0000 - 0x00007ffd25b0b000 	C:\WINDOWS\System32\GDI32.dll
0x00007ffd24c10000 - 0x00007ffd24cb9000 	C:\WINDOWS\System32\msvcrt.dll
0x00007ffd240e0000 - 0x00007ffd2420d000 	C:\WINDOWS\System32\gdi32full.dll
0x00007ffd23660000 - 0x00007ffd23703000 	C:\WINDOWS\System32\msvcp_win.dll
0x00007ffd263b0000 - 0x00007ffd263df000 	C:\WINDOWS\System32\IMM32.DLL
0x00007ffd072e0000 - 0x00007ffd072ec000 	D:\Programme\Java\openjdk-23.0.2_windows-x64_bin\jdk-23.0.2\bin\vcruntime140_1.dll
0x00007ffcc1c00000 - 0x00007ffcc1c8e000 	D:\Programme\Java\openjdk-23.0.2_windows-x64_bin\jdk-23.0.2\bin\msvcp140.dll
0x00007ffc3d120000 - 0x00007ffc3de70000 	D:\Programme\Java\openjdk-23.0.2_windows-x64_bin\jdk-23.0.2\bin\server\jvm.dll
0x00007ffd26010000 - 0x00007ffd260c4000 	C:\WINDOWS\System32\ADVAPI32.dll
0x00007ffd259a0000 - 0x00007ffd25a46000 	C:\WINDOWS\System32\sechost.dll
0x00007ffd24af0000 - 0x00007ffd24c08000 	C:\WINDOWS\System32\RPCRT4.dll
0x00007ffd25080000 - 0x00007ffd250f4000 	C:\WINDOWS\System32\WS2_32.dll
0x00007ffd23450000 - 0x00007ffd234ae000 	C:\WINDOWS\SYSTEM32\POWRPROF.dll
0x00007ffd18780000 - 0x00007ffd1878b000 	C:\WINDOWS\SYSTEM32\VERSION.dll
0x00007ffd09a30000 - 0x00007ffd09a65000 	C:\WINDOWS\SYSTEM32\WINMM.dll
0x00007ffd23430000 - 0x00007ffd23444000 	C:\WINDOWS\SYSTEM32\UMPDC.dll
0x00007ffd223a0000 - 0x00007ffd223bb000 	C:\WINDOWS\SYSTEM32\kernel.appcore.dll
0x00007ffd06c70000 - 0x00007ffd06c7a000 	D:\Programme\Java\openjdk-23.0.2_windows-x64_bin\jdk-23.0.2\bin\jimage.dll
0x00007ffd20ea0000 - 0x00007ffd210e2000 	C:\WINDOWS\SYSTEM32\DBGHELP.DLL
0x00007ffd25b10000 - 0x00007ffd25e8b000 	C:\WINDOWS\System32\combase.dll
0x00007ffd249c0000 - 0x00007ffd24a97000 	C:\WINDOWS\System32\OLEAUT32.dll
0x00007ffd10210000 - 0x00007ffd1024c000 	C:\WINDOWS\SYSTEM32\dbgcore.DLL
0x00007ffd23a30000 - 0x00007ffd23ac8000 	C:\WINDOWS\System32\bcryptPrimitives.dll
0x00007ffce7310000 - 0x00007ffce732e000 	D:\Programme\Java\openjdk-23.0.2_windows-x64_bin\jdk-23.0.2\bin\java.dll
0x00007ffd251d0000 - 0x00007ffd25368000 	C:\WINDOWS\System32\ole32.dll
0x00007ffd24270000 - 0x00007ffd249bd000 	C:\WINDOWS\System32\SHELL32.dll
0x00007ffd23710000 - 0x00007ffd2387b000 	C:\WINDOWS\System32\wintypes.dll
0x00007ffd211f0000 - 0x00007ffd21a4d000 	C:\WINDOWS\SYSTEM32\windows.storage.dll
0x00007ffd262b0000 - 0x00007ffd263a2000 	C:\WINDOWS\System32\SHCORE.dll
0x00007ffd25ea0000 - 0x00007ffd25f02000 	C:\WINDOWS\System32\shlwapi.dll
0x00007ffd234f0000 - 0x00007ffd23519000 	C:\WINDOWS\SYSTEM32\profapi.dll
0x00007ffcbe330000 - 0x00007ffcbe407000 	D:\Programme\Java\openjdk-23.0.2_windows-x64_bin\jdk-23.0.2\bin\jsvml.dll
0x00007ffd06820000 - 0x00007ffd06830000 	D:\Programme\Java\openjdk-23.0.2_windows-x64_bin\jdk-23.0.2\bin\net.dll
0x00007ffd22910000 - 0x00007ffd2297b000 	C:\WINDOWS\system32\mswsock.dll
0x00007ffce6c70000 - 0x00007ffce6c86000 	D:\Programme\Java\openjdk-23.0.2_windows-x64_bin\jdk-23.0.2\bin\nio.dll
0x00007ffce4640000 - 0x00007ffce4657000 	D:\Programme\Java\openjdk-23.0.2_windows-x64_bin\jdk-23.0.2\bin\zip.dll
0x0000022982fa0000 - 0x0000022982fa4000 	C:\Users\Huawei\.openjfx\cache\25+29\amd64\api-ms-win-core-console-l1-1-0.dll
0x0000022982fb0000 - 0x0000022982fb4000 	C:\Users\Huawei\.openjfx\cache\25+29\amd64\api-ms-win-core-console-l1-2-0.dll
0x0000022982fc0000 - 0x0000022982fc4000 	C:\Users\Huawei\.openjfx\cache\25+29\amd64\api-ms-win-core-datetime-l1-1-0.dll
0x0000022982fd0000 - 0x0000022982fd4000 	C:\Users\Huawei\.openjfx\cache\25+29\amd64\api-ms-win-core-debug-l1-1-0.dll
0x0000022982fe0000 - 0x0000022982fe4000 	C:\Users\Huawei\.openjfx\cache\25+29\amd64\api-ms-win-core-errorhandling-l1-1-0.dll
0x0000022982ff0000 - 0x0000022982ff5000 	C:\Users\Huawei\.openjfx\cache\25+29\amd64\api-ms-win-core-file-l1-1-0.dll
0x00000229c8000000 - 0x00000229c8004000 	C:\Users\Huawei\.openjfx\cache\25+29\amd64\api-ms-win-core-file-l1-2-0.dll
0x00000229c8010000 - 0x00000229c8014000 	C:\Users\Huawei\.openjfx\cache\25+29\amd64\api-ms-win-core-file-l2-1-0.dll
0x00000229c8020000 - 0x00000229c8024000 	C:\Users\Huawei\.openjfx\cache\25+29\amd64\api-ms-win-core-handle-l1-1-0.dll
0x00000229c8030000 - 0x00000229c8034000 	C:\Users\Huawei\.openjfx\cache\25+29\amd64\api-ms-win-core-heap-l1-1-0.dll
0x00000229c8040000 - 0x00000229c8044000 	C:\Users\Huawei\.openjfx\cache\25+29\amd64\api-ms-win-core-interlocked-l1-1-0.dll
0x00000229c8050000 - 0x00000229c8054000 	C:\Users\Huawei\.openjfx\cache\25+29\amd64\api-ms-win-core-libraryloader-l1-1-0.dll
0x00000229c8060000 - 0x00000229c8064000 	C:\Users\Huawei\.openjfx\cache\25+29\amd64\api-ms-win-core-localization-l1-2-0.dll
0x00000229c8070000 - 0x00000229c8074000 	C:\Users\Huawei\.openjfx\cache\25+29\amd64\api-ms-win-core-memory-l1-1-0.dll
0x00000229c8080000 - 0x00000229c8084000 	C:\Users\Huawei\.openjfx\cache\25+29\amd64\api-ms-win-core-namedpipe-l1-1-0.dll
0x00000229c8090000 - 0x00000229c8094000 	C:\Users\Huawei\.openjfx\cache\25+29\amd64\api-ms-win-core-processenvironment-l1-1-0.dll
0x00000229c80a0000 - 0x00000229c80a4000 	C:\Users\Huawei\.openjfx\cache\25+29\amd64\api-ms-win-core-processthreads-l1-1-0.dll
0x00000229c80b0000 - 0x00000229c80b4000 	C:\Users\Huawei\.openjfx\cache\25+29\amd64\api-ms-win-core-processthreads-l1-1-1.dll
0x00000229c80c0000 - 0x00000229c80c4000 	C:\Users\Huawei\.openjfx\cache\25+29\amd64\api-ms-win-core-profile-l1-1-0.dll
0x00000229c80d0000 - 0x00000229c80d4000 	C:\Users\Huawei\.openjfx\cache\25+29\amd64\api-ms-win-core-rtlsupport-l1-1-0.dll
0x00000229c80e0000 - 0x00000229c80e4000 	C:\Users\Huawei\.openjfx\cache\25+29\amd64\api-ms-win-core-string-l1-1-0.dll
0x00000229c80f0000 - 0x00000229c80f4000 	C:\Users\Huawei\.openjfx\cache\25+29\amd64\api-ms-win-core-synch-l1-1-0.dll
0x00000229c8100000 - 0x00000229c8104000 	C:\Users\Huawei\.openjfx\cache\25+29\amd64\api-ms-win-core-synch-l1-2-0.dll
0x00000229c8110000 - 0x00000229c8114000 	C:\Users\Huawei\.openjfx\cache\25+29\amd64\api-ms-win-core-sysinfo-l1-1-0.dll
0x00000229c8120000 - 0x00000229c8124000 	C:\Users\Huawei\.openjfx\cache\25+29\amd64\api-ms-win-core-timezone-l1-1-0.dll
0x00000229c8130000 - 0x00000229c8134000 	C:\Users\Huawei\.openjfx\cache\25+29\amd64\api-ms-win-core-util-l1-1-0.dll
0x00000229c8140000 - 0x00000229c8144000 	C:\Users\Huawei\.openjfx\cache\25+29\amd64\api-ms-win-crt-conio-l1-1-0.dll
0x00000229c8150000 - 0x00000229c8155000 	C:\Users\Huawei\.openjfx\cache\25+29\amd64\api-ms-win-crt-convert-l1-1-0.dll
0x00000229c8160000 - 0x00000229c8164000 	C:\Users\Huawei\.openjfx\cache\25+29\amd64\api-ms-win-crt-environment-l1-1-0.dll
0x00000229c8170000 - 0x00000229c8174000 	C:\Users\Huawei\.openjfx\cache\25+29\amd64\api-ms-win-crt-filesystem-l1-1-0.dll
0x00000229c8180000 - 0x00000229c8184000 	C:\Users\Huawei\.openjfx\cache\25+29\amd64\api-ms-win-crt-heap-l1-1-0.dll
0x00000229c8190000 - 0x00000229c8194000 	C:\Users\Huawei\.openjfx\cache\25+29\amd64\api-ms-win-crt-locale-l1-1-0.dll
0x00000229c81a0000 - 0x00000229c81a6000 	C:\Users\Huawei\.openjfx\cache\25+29\amd64\api-ms-win-crt-math-l1-1-0.dll
0x00000229c81b0000 - 0x00000229c81b6000 	C:\Users\Huawei\.openjfx\cache\25+29\amd64\api-ms-win-crt-multibyte-l1-1-0.dll
0x00000229c81c0000 - 0x00000229c81d1000 	C:\Users\Huawei\.openjfx\cache\25+29\amd64\api-ms-win-crt-private-l1-1-0.dll
0x00000229c81e0000 - 0x00000229c81e4000 	C:\Users\Huawei\.openjfx\cache\25+29\amd64\api-ms-win-crt-process-l1-1-0.dll
0x00000229c81f0000 - 0x00000229c81f5000 	C:\Users\Huawei\.openjfx\cache\25+29\amd64\api-ms-win-crt-runtime-l1-1-0.dll
0x00000229c8200000 - 0x00000229c8205000 	C:\Users\Huawei\.openjfx\cache\25+29\amd64\api-ms-win-crt-stdio-l1-1-0.dll
0x00000229c8210000 - 0x00000229c8215000 	C:\Users\Huawei\.openjfx\cache\25+29\amd64\api-ms-win-crt-string-l1-1-0.dll
0x00000229c8220000 - 0x00000229c8224000 	C:\Users\Huawei\.openjfx\cache\25+29\amd64\api-ms-win-crt-time-l1-1-0.dll
0x00000229c8230000 - 0x00000229c8234000 	C:\Users\Huawei\.openjfx\cache\25+29\amd64\api-ms-win-crt-utility-l1-1-0.dll
0x00007ffcbdd00000 - 0x00007ffcbde11000 	C:\Users\Huawei\.openjfx\cache\25+29\amd64\ucrtbase.dll
0x00007ffce0b10000 - 0x00007ffce0b2e000 	C:\Users\Huawei\.openjfx\cache\25+29\amd64\vcruntime140.dll
0x00007ffd066c0000 - 0x00007ffd066cc000 	C:\Users\Huawei\.openjfx\cache\25+29\amd64\vcruntime140_1.dll
0x00007ffcc0ae0000 - 0x00007ffcc0b6d000 	C:\Users\Huawei\.openjfx\cache\25+29\amd64\msvcp140.dll
0x00007ffd05ba0000 - 0x00007ffd05ba9000 	C:\Users\Huawei\.openjfx\cache\25+29\amd64\msvcp140_1.dll
0x00007ffcd0e90000 - 0x00007ffcd0ed1000 	C:\Users\Huawei\.openjfx\cache\25+29\amd64\msvcp140_2.dll
0x00007ffcd0da0000 - 0x00007ffcd0dd0000 	C:\Users\Huawei\.openjfx\cache\25+29\amd64\prism_d3d.dll
0x00007ffcfb3a0000 - 0x00007ffcfb550000 	C:\WINDOWS\system32\d3d9.dll
0x00007ffd20530000 - 0x00007ffd2055d000 	C:\WINDOWS\SYSTEM32\dwmapi.dll
0x00007ffd20360000 - 0x00007ffd203a4000 	C:\WINDOWS\SYSTEM32\dxcore.dll
0x00007ffd20260000 - 0x00007ffd2030a000 	C:\WINDOWS\system32\uxtheme.dll
0x00007ffcfb2d0000 - 0x00007ffcfb394000 	C:\WINDOWS\SYSTEM32\d3d9on12.dll
0x00007ffd203d0000 - 0x00007ffd2050b000 	C:\WINDOWS\SYSTEM32\dxgi.dll
0x00007ffd00d40000 - 0x00007ffd00d63000 	C:\WINDOWS\SYSTEM32\d3d12.dll
0x00007ffd23150000 - 0x00007ffd231a7000 	C:\WINDOWS\SYSTEM32\cfgmgr32.dll
0x00007ffcf67c0000 - 0x00007ffcf6b17000 	C:\WINDOWS\SYSTEM32\D3D12Core.dll
0x00007ffcff900000 - 0x00007ffcff924000 	C:\WINDOWS\System32\DriverStore\FileRepository\iigd_dch.inf_amd64_8790abc65238323a\igd12umd64.dll
0x00007ffcd3920000 - 0x00007ffcd454c000 	C:\WINDOWS\System32\DriverStore\FileRepository\iigd_dch.inf_amd64_8790abc65238323a\igd12um64xel.dll
0x00007ffd238b0000 - 0x00007ffd23a27000 	C:\WINDOWS\System32\CRYPT32.dll
0x00007ffd234c0000 - 0x00007ffd234e6000 	C:\WINDOWS\SYSTEM32\bcrypt.dll
0x00007ffd165d0000 - 0x00007ffd169e2000 	C:\WINDOWS\System32\DriverStore\FileRepository\iigd_dch.inf_amd64_8790abc65238323a\igdgmm64.dll
0x00007ffd16a90000 - 0x00007ffd16aca000 	C:\WINDOWS\SYSTEM32\ControlLib.dll
0x00007ffd25510000 - 0x00007ffd25998000 	C:\WINDOWS\System32\SETUPAPI.dll
0x00007ffd23120000 - 0x00007ffd2314d000 	C:\WINDOWS\SYSTEM32\DEVOBJ.dll
0x00007ffd16a10000 - 0x00007ffd16a81000 	C:\WINDOWS\System32\DriverStore\FileRepository\iigd_dch.inf_amd64_8790abc65238323a\IntelControlLib.dll
0x00007ffd235d0000 - 0x00007ffd2364f000 	C:\WINDOWS\System32\WINTRUST.dll
0x00007ffd22c30000 - 0x00007ffd22c43000 	C:\WINDOWS\SYSTEM32\MSASN1.dll
0x00007ffd1c120000 - 0x00007ffd1c183000 	C:\WINDOWS\SYSTEM32\directxdatabasehelper.dll
0x00007ffd12120000 - 0x00007ffd1655e000 	C:\WINDOWS\System32\DriverStore\FileRepository\iigd_dch.inf_amd64_8790abc65238323a\igc64.dll
0x00007ffd06b80000 - 0x00007ffd06c65000 	C:\WINDOWS\SYSTEM32\D3DSCache.dll
0x00007ffd229b0000 - 0x00007ffd229db000 	C:\WINDOWS\SYSTEM32\USERENV.dll
0x00007ffcca2b0000 - 0x00007ffccf573000 	C:\WINDOWS\System32\DriverStore\FileRepository\iigd_dch.inf_amd64_8790abc65238323a\igd12dxva64.dll
0x00007ffd118d0000 - 0x00007ffd118f7000 	C:\WINDOWS\System32\DriverStore\FileRepository\iigd_dch.inf_amd64_8790abc65238323a\igdinfo64.dll
0x00007ffcd03b0000 - 0x00007ffcd03f9000 	C:\Users\Huawei\.openjfx\cache\25+29\amd64\glass.dll
0x00007ffd25f10000 - 0x00007ffd26003000 	C:\WINDOWS\System32\COMDLG32.dll
0x00007ffd25110000 - 0x00007ffd251c1000 	C:\WINDOWS\System32\clbcatq.dll
0x00007ffd01410000 - 0x00007ffd01560000 	C:\Windows\System32\Windows.UI.dll
0x00007ffd00280000 - 0x00007ffd0033b000 	C:\Windows\System32\Windows.Networking.Connectivity.dll
0x00007ffd10a70000 - 0x00007ffd10cb5000 	C:\Windows\System32\twinapi.appcore.dll
0x00007ffd26150000 - 0x00007ffd262ab000 	C:\WINDOWS\System32\MSCTF.dll

dbghelp: loaded successfully - version: 4.0.5 - missing functions: none
symbol engine: initialized successfully - sym options: 0x614 - pdb path: .;D:\Programme\Java\openjdk-23.0.2_windows-x64_bin\jdk-23.0.2\bin;C:\WINDOWS\SYSTEM32;C:\Program Files\Norton\Suite;C:\WINDOWS\WinSxS\amd64_microsoft.windows.common-controls_6595b64144ccf1df_6.0.26100.6899_none_3e0efeeae32e88c1;D:\Programme\Java\openjdk-23.0.2_windows-x64_bin\jdk-23.0.2\bin\server;C:\Users\Huawei\.openjfx\cache\25+29\amd64;C:\WINDOWS\System32\DriverStore\FileRepository\iigd_dch.inf_amd64_8790abc65238323a

VM Arguments:
jvm_args: --module-path=C:\Users\Huawei\.m2\repository\org\openjfx\javafx-base\25\javafx-base-25-win.jar;C:\Users\Huawei\.m2\repository\org\openjfx\javafx-base\25\javafx-base-25.jar;C:\Users\Huawei\.m2\repository\org\openjfx\javafx-controls\25\javafx-controls-25-win.jar;C:\Users\Huawei\.m2\repository\org\openjfx\javafx-controls\25\javafx-controls-25.jar;C:\Users\Huawei\.m2\repository\org\openjfx\javafx-fxml\25\javafx-fxml-25-win.jar;C:\Users\Huawei\.m2\repository\org\openjfx\javafx-fxml\25\javafx-fxml-25.jar;C:\Users\Huawei\.m2\repository\org\openjfx\javafx-graphics\25\javafx-graphics-25-win.jar;C:\Users\Huawei\.m2\repository\org\openjfx\javafx-graphics\25\javafx-graphics-25.jar --add-modules=javafx.base,javafx.controls,javafx.fxml,javafx.graphics 
java_command: org.meinprojekt.haushalt.App
java_class_path (initial): B:\Arbeit-Beruf\07 - Nicht Selbstständige Arbeit\Fortbildung\GitTools\Eclipse Repo\Haushaltsbuch\target\classes
Launcher Type: SUN_STANDARD

[Global flags]
     intx CICompilerCount                          = 4                                         {product} {ergonomic}
     uint ConcGCThreads                            = 3                                         {product} {ergonomic}
     uint G1ConcRefinementThreads                  = 10                                        {product} {ergonomic}
   size_t G1HeapRegionSize                         = 2097152                                   {product} {ergonomic}
   size_t InitialHeapSize                          = 264241152                                 {product} {ergonomic}
   size_t MarkStackSize                            = 4194304                                   {product} {ergonomic}
   size_t MarkStackSizeMax                         = 536870912                                 {product} {ergonomic}
   size_t MaxHeapSize                              = 4223664128                                {product} {ergonomic}
   size_t MaxNewSize                               = 2533359616                                {product} {ergonomic}
   size_t MinHeapDeltaBytes                        = 2097152                                   {product} {ergonomic}
   size_t MinHeapSize                              = 8388608                                   {product} {ergonomic}
    uintx NonNMethodCodeHeapSize                   = 5832704                                {pd product} {ergonomic}
    uintx NonProfiledCodeHeapSize                  = 122945536                              {pd product} {ergonomic}
    uintx ProfiledCodeHeapSize                     = 122880000                              {pd product} {ergonomic}
    uintx ReservedCodeCacheSize                    = 251658240                              {pd product} {ergonomic}
     bool SegmentedCodeCache                       = true                                      {product} {ergonomic}
   size_t SoftMaxHeapSize                          = 4223664128                             {manageable} {ergonomic}
     bool UseCompressedOops                        = true                           {product lp64_product} {ergonomic}
     bool UseG1GC                                  = true                                      {product} {ergonomic}
     bool UseLargePagesIndividualAllocation        = false                                  {pd product} {ergonomic}

Logging:
Log output configuration:
 #0: stdout all=warning uptime,level,tags foldmultilines=false
 #1: stderr all=off uptime,level,tags foldmultilines=false

Environment Variables:
JAVA_HOME=D:\Programme\Java\openjdk-23.0.2_windows-x64_bin\jdk-23.0.2
PATH=C:/Users/Huawei/.p2/pool/plugins/org.eclipse.justj.openjdk.hotspot.jre.full.win32.x86_64_23.0.1.v20241024-1700/jre/bin/server;C:/Users/Huawei/.p2/pool/plugins/org.eclipse.justj.openjdk.hotspot.jre.full.win32.x86_64_23.0.1.v20241024-1700/jre/bin;C:\WINDOWS\System32;C:\WINDOWS\system32\config\systemprofile\AppData\Local\Microsoft\WindowsApps;C:\windows\system32\HWAudioDriver\;C:\Program Files\Git LFS;C:\Program Files\Git\cmd;C:\Program Files\MySQL\MySQL Shell 8.0\bin\;C:\Users\Huawei\AppData\Local\Microsoft\WindowsApps;D:\Programme\Java\openjdk-23.0.2_windows-x64_bin\jdk-23.0.2\bin;D:\Programme\Apache\apache-maven-3.9.11\bin;C:\Program Files\Git\cmd;;C:\Users\Huawei\Desktop;
USERNAME=Huawei
OS=Windows_NT
PROCESSOR_IDENTIFIER=Intel64 Family 6 Model 154 Stepping 3, GenuineIntel
TMP=C:\Users\Huawei\AppData\Local\Temp
TEMP=C:\Users\Huawei\AppData\Local\Temp




Periodic native trim disabled

---------------  S Y S T E M  ---------------

OS:
 Windows 11 , 64 bit Build 26100 (10.0.26100.6725)
OS uptime: 14 days 3:17 hours
Hyper-V role detected

CPU: total 12 (initial active 12) (6 cores per cpu, 2 threads per core) family 6 model 154 stepping 3 microcode 0x41e, cx8, cmov, fxsr, ht, mmx, 3dnowpref, sse, sse2, sse3, ssse3, sse4.1, sse4.2, popcnt, lzcnt, tsc, tscinvbit, avx, avx2, aes, erms, clmul, bmi1, bmi2, adx, sha, fma, vzeroupper, clflush, clflushopt, clwb, hv, serialize, rdtscp, rdpid, fsrm, gfni, f16c, cet_ibt, cet_ss
Processor Information for processor 0
  Max Mhz: 2000, Current Mhz: 1520, Mhz Limit: 2000
Processor Information for processor 1
  Max Mhz: 2000, Current Mhz: 2000, Mhz Limit: 2000
Processor Information for processor 2
  Max Mhz: 2000, Current Mhz: 2000, Mhz Limit: 2000
Processor Information for processor 3
  Max Mhz: 2000, Current Mhz: 1520, Mhz Limit: 2000
Processor Information for processor 4
  Max Mhz: 2000, Current Mhz: 2000, Mhz Limit: 2000
Processor Information for processor 5
  Max Mhz: 2000, Current Mhz: 1520, Mhz Limit: 2000
Processor Information for processor 6
  Max Mhz: 2000, Current Mhz: 2000, Mhz Limit: 2000
Processor Information for processor 7
  Max Mhz: 2000, Current Mhz: 2000, Mhz Limit: 2000
Processor Information for processor 8
  Max Mhz: 2000, Current Mhz: 1500, Mhz Limit: 1500
Processor Information for processor 9
  Max Mhz: 2000, Current Mhz: 1500, Mhz Limit: 1500
Processor Information for processor 10
  Max Mhz: 2000, Current Mhz: 1500, Mhz Limit: 1500
Processor Information for processor 11
  Max Mhz: 2000, Current Mhz: 1500, Mhz Limit: 1500

Memory: 4k page, system-wide physical 16110M (2703M free)
TotalPageFile size 19232M (AvailPageFile size 1341M)
current process WorkingSet (physical memory assigned to process): 180M, peak: 180M
current process commit charge ("private bytes"): 467M, peak: 467M

vm_info: OpenJDK 64-Bit Server VM (23.0.2+7-58) for windows-amd64 JRE (23.0.2+7-58), built on 2024-11-29T09:34:55Z with MS VC++ 17.6 (VS2022)

END.
