#
# There is insufficient memory for the Java Runtime Environment to continue.
# Native memory allocation (mmap) failed to map 65536 bytes. Error detail: Failed to commit metaspace.
# Possible reasons:
#   The system is out of physical RAM or swap space
#   This process is running with CompressedOops enabled, and the Java Heap may be blocking the growth of the native heap
# Possible solutions:
#   Reduce memory load on the system
#   Increase physical memory or swap space
#   Check if swap backing store is full
#   Decrease Java heap size (-Xmx/-Xms)
#   Decrease number of Java threads
#   Decrease Java thread stack sizes (-Xss)
#   Set larger code cache with -XX:ReservedCodeCacheSize=
#   JVM is running with Zero Based Compressed Oops mode in which the Java heap is
#     placed in the first 32GB address space. The Java Heap base address is the
#     maximum limit for the native heap growth. Please use -XX:HeapBaseMinAddress
#     to set the Java Heap base and to place the Java Heap above 32GB virtual address.
# This output file may be truncated or incomplete.
#
#  Out of Memory Error (virtualSpaceNode.cpp:113), pid=5988, tid=33604
#
# JRE version: OpenJDK Runtime Environment (23.0.2+7) (build 23.0.2+7-58)
# Java VM: OpenJDK 64-Bit Server VM (23.0.2+7-58, mixed mode, tiered, compressed oops, compressed class ptrs, g1 gc, windows-amd64)
# No core dump will be written. Minidumps are not enabled by default on client versions of Windows
#

---------------  S U M M A R Y ------------

Command Line: --module-path=C:\Users\Huawei\.m2\repository\org\openjfx\javafx-base\25\javafx-base-25-win.jar;C:\Users\Huawei\.m2\repository\org\openjfx\javafx-base\25\javafx-base-25.jar;C:\Users\Huawei\.m2\repository\org\openjfx\javafx-controls\25\javafx-controls-25-win.jar;C:\Users\Huawei\.m2\repository\org\openjfx\javafx-controls\25\javafx-controls-25.jar;C:\Users\Huawei\.m2\repository\org\openjfx\javafx-fxml\25\javafx-fxml-25-win.jar;C:\Users\Huawei\.m2\repository\org\openjfx\javafx-fxml\25\javafx-fxml-25.jar;C:\Users\Huawei\.m2\repository\org\openjfx\javafx-graphics\25\javafx-graphics-25-win.jar;C:\Users\Huawei\.m2\repository\org\openjfx\javafx-graphics\25\javafx-graphics-25.jar --add-modules=javafx.base,javafx.controls,javafx.fxml,javafx.graphics org.meinprojekt.haushalt.App

Host: 12th Gen Intel(R) Core(TM) i5-12450H, 12 cores, 15G,  Windows 11 , 64 bit Build 26100 (10.0.26100.6725)
Time: Fri Nov  7 12:57:12 2025 Mitteleuropäische Zeit elapsed time: 0.180642 seconds (0d 0h 0m 0s)

---------------  T H R E A D  ---------------

Current thread (0x0000020a71633e30):  JavaThread "main"             [_thread_in_vm, id=33604, stack(0x0000005678800000,0x0000005678900000) (1024K)]

Stack: [0x0000005678800000,0x0000005678900000]
Native frames: (J=compiled Java code, j=interpreted, Vv=VM code, C=native code)
V  [jvm.dll+0x6e0b99]  (no source info available)
V  [jvm.dll+0x87e2b3]  (no source info available)
V  [jvm.dll+0x88073e]  (no source info available)
V  [jvm.dll+0x880e13]  (no source info available)
V  [jvm.dll+0x27b006]  (no source info available)
V  [jvm.dll+0x879ebe]  (no source info available)
V  [jvm.dll+0x6822f5]  (no source info available)
V  [jvm.dll+0x68235a]  (no source info available)
V  [jvm.dll+0x684b9a]  (no source info available)
V  [jvm.dll+0x221aec]  (no source info available)
V  [jvm.dll+0x682d0e]  (no source info available)
V  [jvm.dll+0x266480]  (no source info available)
V  [jvm.dll+0x212ac7]  (no source info available)
V  [jvm.dll+0x20822e]  (no source info available)
V  [jvm.dll+0x5be93f]  (no source info available)
V  [jvm.dll+0x219c3b]  (no source info available)
V  [jvm.dll+0x7f3670]  (no source info available)
V  [jvm.dll+0x7f4716]  (no source info available)
V  [jvm.dll+0x7f4f40]  (no source info available)
V  [jvm.dll+0x21337c]  (no source info available)
V  [jvm.dll+0x208247]  (no source info available)
V  [jvm.dll+0x5be93f]  (no source info available)
V  [jvm.dll+0x219c3b]  (no source info available)
V  [jvm.dll+0x7f3670]  (no source info available)
V  [jvm.dll+0x7f4716]  (no source info available)
V  [jvm.dll+0x7f4d24]  (no source info available)
V  [jvm.dll+0x7f49a8]  (no source info available)
V  [jvm.dll+0x268acb]  (no source info available)
V  [jvm.dll+0x3d3b3a]  (no source info available)
C  0x0000020a0753ee61  (no source info available)

The last pc belongs to ldc (printed below).
Java frames: (J=compiled Java code, j=interpreted, Vv=VM code)
j  java.lang.invoke.BoundMethodHandle$Specializer.<clinit>()V+24 java.base@23.0.2
v  ~StubRoutines::call_stub 0x0000020a07530fcd
j  java.lang.invoke.BoundMethodHandle.<clinit>()V+16 java.base@23.0.2
v  ~StubRoutines::call_stub 0x0000020a07530fcd
j  java.lang.invoke.DirectMethodHandle.rebind()Ljava/lang/invoke/BoundMethodHandle;+1 java.base@23.0.2
j  java.lang.invoke.MethodHandles.dropArgumentsTrusted(Ljava/lang/invoke/MethodHandle;I[Ljava/lang/Class;)Ljava/lang/invoke/MethodHandle;+29 java.base@23.0.2
j  java.lang.invoke.MethodHandles.dropArguments(Ljava/lang/invoke/MethodHandle;I[Ljava/lang/Class;)Ljava/lang/invoke/MethodHandle;+9 java.base@23.0.2
j  jdk.internal.reflect.MethodHandleAccessorFactory.makeSpecializedTarget(Ljava/lang/invoke/MethodHandle;ZZ)Ljava/lang/invoke/MethodHandle;+86 java.base@23.0.2
j  jdk.internal.reflect.MethodHandleAccessorFactory.getDirectMethod(Ljava/lang/reflect/Method;Z)Ljava/lang/invoke/MethodHandle;+79 java.base@23.0.2
j  jdk.internal.reflect.MethodHandleAccessorFactory.newMethodAccessor(Ljava/lang/reflect/Method;Z)Ljdk/internal/reflect/MethodAccessorImpl;+41 java.base@23.0.2
j  jdk.internal.reflect.ReflectionFactory.newMethodAccessor(Ljava/lang/reflect/Method;Z)Ljdk/internal/reflect/MethodAccessor;+22 java.base@23.0.2
j  java.lang.reflect.Method.acquireMethodAccessor()Ljdk/internal/reflect/MethodAccessor;+38 java.base@23.0.2
j  java.lang.reflect.Method.invoke(Ljava/lang/Object;[Ljava/lang/Object;)Ljava/lang/Object;+75 java.base@23.0.2
j  java.lang.Class.getEnumConstantsShared()[Ljava/lang/Object;+49 java.base@23.0.2
j  java.lang.System$2.getEnumConstantsShared(Ljava/lang/Class;)[Ljava/lang/Enum;+1 java.base@23.0.2
j  java.util.EnumMap.getKeyUniverse(Ljava/lang/Class;)[Ljava/lang/Enum;+4 java.base@23.0.2
j  java.util.EnumMap.<init>(Ljava/lang/Class;)V+16 java.base@23.0.2
j  java.util.stream.StreamOpFlag.set(Ljava/util/stream/StreamOpFlag$Type;)Ljava/util/stream/StreamOpFlag$MaskBuilder;+10 java.base@23.0.2
j  java.util.stream.StreamOpFlag.<clinit>()V+11 java.base@23.0.2
v  ~StubRoutines::call_stub 0x0000020a07530fcd
j  java.util.stream.StreamSupport.stream(Ljava/util/Spliterator;Z)Ljava/util/stream/Stream;+11 java.base@23.0.2
j  java.util.Collection.stream()Ljava/util/stream/Stream;+7 java.base@23.0.2
j  jdk.internal.module.DefaultRoots.compute(Ljava/lang/module/ModuleFinder;Ljava/lang/module/ModuleFinder;)Ljava/util/Set;+6 java.base@23.0.2
j  jdk.internal.module.ModuleBootstrap.boot2()Ljava/lang/ModuleLayer;+731 java.base@23.0.2
j  jdk.internal.module.ModuleBootstrap.boot()Ljava/lang/ModuleLayer;+64 java.base@23.0.2
j  java.lang.System.initPhase2(ZZ)I+0 java.base@23.0.2
v  ~StubRoutines::call_stub 0x0000020a07530fcd
Lock stack of current Java thread (top to bottom):

ldc  18 ldc  [0x0000020a0753edc0, 0x0000020a0753f068]  680 bytes
[MachCode]
  0x0000020a0753edc0: 4883 ec08 | c5fa 1104 | 24eb 1f48 | 83ec 10c5 | fb11 0424 | eb14 4883 | ec10 4889 | 0424 48c7 
  0x0000020a0753ede0: 4424 0800 | 0000 00eb | 0150 410f | b65d 0148 | 8b4d e848 | 8b49 0848 | 8b49 0848 | 8b41 080f 
  0x0000020a0753ee00: b654 1804 | 83fa 6474 | 0e83 fa67 | 7409 83fa | 070f 85bd | 0000 00ba | 0000 0000 | e805 0000 
  0x0000020a0753ee20: 00e9 a800 | 0000 488d | 4424 084c | 896d c049 | 8bcf c5f8 | 7749 89af | b003 0000 | 4989 87a0 
  0x0000020a0753ee40: 0300 0048 | 83ec 2040 | f6c4 0f0f | 8419 0000 | 0048 83ec | 0848 b820 | 3a4f 3dfc | 7f00 00ff 
  0x0000020a0753ee60: d048 83c4 | 08e9 0c00 | 0000 48b8 | 203a 4f3d | fc7f 0000 | ffd0 4883 | c420 49c7 | 87a0 0300 
  0x0000020a0753ee80: 0000 0000 | 0049 c787 | b003 0000 | 0000 0000 | 49c7 87a8 | 0300 0000 | 0000 00c5 | f877 4983 
  0x0000020a0753eea0: 7f08 000f | 8405 0000 | 00e9 1220 | ffff 498b | 87f8 0300 | 0049 c787 | f803 0000 | 0000 0000 
  0x0000020a0753eec0: 4c8b 6dc0 | 4c8b 75c8 | 4e8d 74f5 | 00c3 50e9 | 7c01 0000 | 83fa 0475 | 14c5 fa10 | 44d9 4848 
  0x0000020a0753eee0: 83ec 08c5 | fa11 0424 | e963 0100 | 0083 fa03 | 750a 8b44 | d948 50e9 | 5401 0000 | ba12 0000 
  0x0000020a0753ef00: 00e8 0500 | 0000 e9a8 | 0000 0048 | 8d44 2408 | 4c89 6dc0 | 498b cfc5 | f877 4989 | afb0 0300 
  0x0000020a0753ef20: 0049 8987 | a003 0000 | 4883 ec20 | 40f6 c40f | 0f84 1900 | 0000 4883 | ec08 48b8 | b05f 4f3d 
  0x0000020a0753ef40: fc7f 0000 | ffd0 4883 | c408 e90c | 0000 0048 | b8b0 5f4f | 3dfc 7f00 | 00ff d048 | 83c4 2049 
  0x0000020a0753ef60: c787 a003 | 0000 0000 | 0000 49c7 | 87b0 0300 | 0000 0000 | 0049 c787 | a803 0000 | 0000 0000 
  0x0000020a0753ef80: c5f8 7749 | 837f 0800 | 0f84 0500 | 0000 e92d | 1fff ff49 | 8b87 f803 | 0000 49c7 | 87f8 0300 
  0x0000020a0753efa0: 0000 0000 | 004c 8b6d | c04c 8b75 | c84e 8d74 | f500 c349 | 8b8f 0004 | 0000 49c7 | 8700 0400 
  0x0000020a0753efc0: 0000 0000 | 008b d981 | e3ff ff00 | 00c1 e91c | 83e1 0f83 | f904 7509 | 8b04 1850 | e96f 0000 
  0x0000020a0753efe0: 0083 f906 | 7513 c5fa | 1004 1848 | 83ec 08c5 | fa11 0424 | e957 0000 | 0083 f903 | 750a 0fbf 
  0x0000020a0753f000: 0418 50e9 | 4800 0000 | 83f9 0075 | 0a0f be04 | 1850 e939 | 0000 0083 | f902 750a | 0fb7 0418 
  0x0000020a0753f020: 50e9 2a00 | 0000 83f9 | 0175 0a0f | be04 1850 | e91b 0000 | 0048 b968 | 5bb9 3dfc | 7f00 0048 
  0x0000020a0753f040: 83e4 f048 | b850 4d75 | 3dfc 7f00 | 00ff d0f4 | 410f b65d | 0249 83c5 | 0249 bad0 | 8dda 3dfc 
  0x0000020a0753f060: 7f00 0041 | ff24 da90 
[/MachCode]

---------------  P R O C E S S  ---------------

Threads class SMR info:
_java_thread_list=0x0000020a7d9b0550, length=9, elements={
0x0000020a71633e30, 0x0000020a13514260, 0x0000020a13514cc0, 0x0000020a1350a330,
0x0000020a1350ad90, 0x0000020a13500850, 0x0000020a13501a30, 0x0000020a135034a0,
0x0000020a1352b7c0
}

Java Threads: ( => current thread )
=>0x0000020a71633e30 JavaThread "main"                              [_thread_in_vm, id=33604, stack(0x0000005678800000,0x0000005678900000) (1024K)]
  0x0000020a13514260 JavaThread "Reference Handler"          daemon [_thread_blocked, id=26288, stack(0x0000005679000000,0x0000005679100000) (1024K)]
  0x0000020a13514cc0 JavaThread "Finalizer"                  daemon [_thread_blocked, id=33784, stack(0x0000005679100000,0x0000005679200000) (1024K)]
  0x0000020a1350a330 JavaThread "Signal Dispatcher"          daemon [_thread_blocked, id=31692, stack(0x0000005679200000,0x0000005679300000) (1024K)]
  0x0000020a1350ad90 JavaThread "Attach Listener"            daemon [_thread_blocked, id=33152, stack(0x0000005679300000,0x0000005679400000) (1024K)]
  0x0000020a13500850 JavaThread "Service Thread"             daemon [_thread_blocked, id=416, stack(0x0000005679400000,0x0000005679500000) (1024K)]
  0x0000020a13501a30 JavaThread "Monitor Deflation Thread"   daemon [_thread_blocked, id=7696, stack(0x0000005679500000,0x0000005679600000) (1024K)]
  0x0000020a135034a0 JavaThread "C2 CompilerThread0"         daemon [_thread_blocked, id=11112, stack(0x0000005679600000,0x0000005679700000) (1024K)]
  0x0000020a1352b7c0 JavaThread "C1 CompilerThread0"         daemon [_thread_blocked, id=14848, stack(0x0000005679700000,0x0000005679800000) (1024K)]
Total: 9

Other Threads:
  0x0000020a7d97f0f0 VMThread "VM Thread"                           [id=26576, stack(0x0000005678f00000,0x0000005679000000) (1024K)]
  0x0000020a7d901f30 WatcherThread "VM Periodic Task Thread"        [id=21364, stack(0x0000005678e00000,0x0000005678f00000) (1024K)]
  0x0000020a73be7a70 WorkerThread "GC Thread#0"                     [id=12108, stack(0x0000005678900000,0x0000005678a00000) (1024K)]
  0x0000020a73c3b010 ConcurrentGCThread "G1 Main Marker"            [id=33376, stack(0x0000005678a00000,0x0000005678b00000) (1024K)]
  0x0000020a73c3d1e0 WorkerThread "G1 Conc#0"                       [id=27544, stack(0x0000005678b00000,0x0000005678c00000) (1024K)]
  0x0000020a7d84f6a0 ConcurrentGCThread "G1 Refine#0"               [id=12312, stack(0x0000005678c00000,0x0000005678d00000) (1024K)]
  0x0000020a7d850fe0 ConcurrentGCThread "G1 Service"                [id=33736, stack(0x0000005678d00000,0x0000005678e00000) (1024K)]
Total: 7

Threads with active compile tasks:
Total: 0

VM state: not at safepoint (normal execution)

VM Mutex/Monitor currently owned by a thread:  ([mutex/lock_event])
[0x00007ffc3dd92888] Metaspace_lock - owner thread: 0x0000020a71633e30

Heap address: 0x0000000704400000, size: 4028 MB, Compressed Oops mode: Zero based, Oop shift amount: 3

CDS archive(s) not mapped
Compressed class space mapped at: 0x0000000015000000-0x0000000055000000, reserved size: 1073741824
Narrow klass base: 0x0000000000000000, Narrow klass shift: 0, Narrow klass range: 0x55000000

GC Precious Log:
 CardTable entry size: 512
 Card Set container configuration: InlinePtr #cards 4 size 8 Array Of Cards #cards 16 size 48 Howl #buckets 8 coarsen threshold 3686 Howl Bitmap #cards 512 size 80 coarsen threshold 460 Card regions per heap region 1 cards per card region 4096
 CPUs: 12 total, 12 available
 Memory: 16110M
 Large Page Support: Disabled
 NUMA Support: Disabled
 Compressed Oops: Enabled (Zero based)
 Heap Region Size: 2M
 Heap Min Capacity: 8M
 Heap Initial Capacity: 252M
 Heap Max Capacity: 4028M
 Pre-touch: Disabled
 Parallel Workers: 10
 Concurrent Workers: 3
 Concurrent Refinement Workers: 10
 Periodic GC: Disabled

Heap:
 garbage-first heap   total reserved 4124672K, committed 258048K, used 0K [0x0000000704400000, 0x0000000800000000)
  region size 2048K, 1 young (2048K), 0 survivors (0K)
 Metaspace       used 4935K, committed 4992K, reserved 1114112K
  class space    used 392K, committed 448K, reserved 1048576K

Heap Regions: E=young(eden), S=young(survivor), O=old, HS=humongous(starts), HC=humongous(continues), CS=collection set, F=free, TAMS=top-at-mark-start, PB=parsable bottom
|   0|0x0000000704400000, 0x0000000704400000, 0x0000000704600000|  0%| F|  |TAMS 0x0000000704400000| PB 0x0000000704400000| Untracked |  0
|   1|0x0000000704600000, 0x0000000704600000, 0x0000000704800000|  0%| F|  |TAMS 0x0000000704600000| PB 0x0000000704600000| Untracked |  0
|   2|0x0000000704800000, 0x0000000704800000, 0x0000000704a00000|  0%| F|  |TAMS 0x0000000704800000| PB 0x0000000704800000| Untracked |  0
|   3|0x0000000704a00000, 0x0000000704a00000, 0x0000000704c00000|  0%| F|  |TAMS 0x0000000704a00000| PB 0x0000000704a00000| Untracked |  0
|   4|0x0000000704c00000, 0x0000000704c00000, 0x0000000704e00000|  0%| F|  |TAMS 0x0000000704c00000| PB 0x0000000704c00000| Untracked |  0
|   5|0x0000000704e00000, 0x0000000704e00000, 0x0000000705000000|  0%| F|  |TAMS 0x0000000704e00000| PB 0x0000000704e00000| Untracked |  0
|   6|0x0000000705000000, 0x0000000705000000, 0x0000000705200000|  0%| F|  |TAMS 0x0000000705000000| PB 0x0000000705000000| Untracked |  0
|   7|0x0000000705200000, 0x0000000705200000, 0x0000000705400000|  0%| F|  |TAMS 0x0000000705200000| PB 0x0000000705200000| Untracked |  0
|   8|0x0000000705400000, 0x0000000705400000, 0x0000000705600000|  0%| F|  |TAMS 0x0000000705400000| PB 0x0000000705400000| Untracked |  0
|   9|0x0000000705600000, 0x0000000705600000, 0x0000000705800000|  0%| F|  |TAMS 0x0000000705600000| PB 0x0000000705600000| Untracked |  0
|  10|0x0000000705800000, 0x0000000705800000, 0x0000000705a00000|  0%| F|  |TAMS 0x0000000705800000| PB 0x0000000705800000| Untracked |  0
|  11|0x0000000705a00000, 0x0000000705a00000, 0x0000000705c00000|  0%| F|  |TAMS 0x0000000705a00000| PB 0x0000000705a00000| Untracked |  0
|  12|0x0000000705c00000, 0x0000000705c00000, 0x0000000705e00000|  0%| F|  |TAMS 0x0000000705c00000| PB 0x0000000705c00000| Untracked |  0
|  13|0x0000000705e00000, 0x0000000705e00000, 0x0000000706000000|  0%| F|  |TAMS 0x0000000705e00000| PB 0x0000000705e00000| Untracked |  0
|  14|0x0000000706000000, 0x0000000706000000, 0x0000000706200000|  0%| F|  |TAMS 0x0000000706000000| PB 0x0000000706000000| Untracked |  0
|  15|0x0000000706200000, 0x0000000706200000, 0x0000000706400000|  0%| F|  |TAMS 0x0000000706200000| PB 0x0000000706200000| Untracked |  0
|  16|0x0000000706400000, 0x0000000706400000, 0x0000000706600000|  0%| F|  |TAMS 0x0000000706400000| PB 0x0000000706400000| Untracked |  0
|  17|0x0000000706600000, 0x0000000706600000, 0x0000000706800000|  0%| F|  |TAMS 0x0000000706600000| PB 0x0000000706600000| Untracked |  0
|  18|0x0000000706800000, 0x0000000706800000, 0x0000000706a00000|  0%| F|  |TAMS 0x0000000706800000| PB 0x0000000706800000| Untracked |  0
|  19|0x0000000706a00000, 0x0000000706a00000, 0x0000000706c00000|  0%| F|  |TAMS 0x0000000706a00000| PB 0x0000000706a00000| Untracked |  0
|  20|0x0000000706c00000, 0x0000000706c00000, 0x0000000706e00000|  0%| F|  |TAMS 0x0000000706c00000| PB 0x0000000706c00000| Untracked |  0
|  21|0x0000000706e00000, 0x0000000706e00000, 0x0000000707000000|  0%| F|  |TAMS 0x0000000706e00000| PB 0x0000000706e00000| Untracked |  0
|  22|0x0000000707000000, 0x0000000707000000, 0x0000000707200000|  0%| F|  |TAMS 0x0000000707000000| PB 0x0000000707000000| Untracked |  0
|  23|0x0000000707200000, 0x0000000707200000, 0x0000000707400000|  0%| F|  |TAMS 0x0000000707200000| PB 0x0000000707200000| Untracked |  0
|  24|0x0000000707400000, 0x0000000707400000, 0x0000000707600000|  0%| F|  |TAMS 0x0000000707400000| PB 0x0000000707400000| Untracked |  0
|  25|0x0000000707600000, 0x0000000707600000, 0x0000000707800000|  0%| F|  |TAMS 0x0000000707600000| PB 0x0000000707600000| Untracked |  0
|  26|0x0000000707800000, 0x0000000707800000, 0x0000000707a00000|  0%| F|  |TAMS 0x0000000707800000| PB 0x0000000707800000| Untracked |  0
|  27|0x0000000707a00000, 0x0000000707a00000, 0x0000000707c00000|  0%| F|  |TAMS 0x0000000707a00000| PB 0x0000000707a00000| Untracked |  0
|  28|0x0000000707c00000, 0x0000000707c00000, 0x0000000707e00000|  0%| F|  |TAMS 0x0000000707c00000| PB 0x0000000707c00000| Untracked |  0
|  29|0x0000000707e00000, 0x0000000707e00000, 0x0000000708000000|  0%| F|  |TAMS 0x0000000707e00000| PB 0x0000000707e00000| Untracked |  0
|  30|0x0000000708000000, 0x0000000708000000, 0x0000000708200000|  0%| F|  |TAMS 0x0000000708000000| PB 0x0000000708000000| Untracked |  0
|  31|0x0000000708200000, 0x0000000708200000, 0x0000000708400000|  0%| F|  |TAMS 0x0000000708200000| PB 0x0000000708200000| Untracked |  0
|  32|0x0000000708400000, 0x0000000708400000, 0x0000000708600000|  0%| F|  |TAMS 0x0000000708400000| PB 0x0000000708400000| Untracked |  0
|  33|0x0000000708600000, 0x0000000708600000, 0x0000000708800000|  0%| F|  |TAMS 0x0000000708600000| PB 0x0000000708600000| Untracked |  0
|  34|0x0000000708800000, 0x0000000708800000, 0x0000000708a00000|  0%| F|  |TAMS 0x0000000708800000| PB 0x0000000708800000| Untracked |  0
|  35|0x0000000708a00000, 0x0000000708a00000, 0x0000000708c00000|  0%| F|  |TAMS 0x0000000708a00000| PB 0x0000000708a00000| Untracked |  0
|  36|0x0000000708c00000, 0x0000000708c00000, 0x0000000708e00000|  0%| F|  |TAMS 0x0000000708c00000| PB 0x0000000708c00000| Untracked |  0
|  37|0x0000000708e00000, 0x0000000708e00000, 0x0000000709000000|  0%| F|  |TAMS 0x0000000708e00000| PB 0x0000000708e00000| Untracked |  0
|  38|0x0000000709000000, 0x0000000709000000, 0x0000000709200000|  0%| F|  |TAMS 0x0000000709000000| PB 0x0000000709000000| Untracked |  0
|  39|0x0000000709200000, 0x0000000709200000, 0x0000000709400000|  0%| F|  |TAMS 0x0000000709200000| PB 0x0000000709200000| Untracked |  0
|  40|0x0000000709400000, 0x0000000709400000, 0x0000000709600000|  0%| F|  |TAMS 0x0000000709400000| PB 0x0000000709400000| Untracked |  0
|  41|0x0000000709600000, 0x0000000709600000, 0x0000000709800000|  0%| F|  |TAMS 0x0000000709600000| PB 0x0000000709600000| Untracked |  0
|  42|0x0000000709800000, 0x0000000709800000, 0x0000000709a00000|  0%| F|  |TAMS 0x0000000709800000| PB 0x0000000709800000| Untracked |  0
|  43|0x0000000709a00000, 0x0000000709a00000, 0x0000000709c00000|  0%| F|  |TAMS 0x0000000709a00000| PB 0x0000000709a00000| Untracked |  0
|  44|0x0000000709c00000, 0x0000000709c00000, 0x0000000709e00000|  0%| F|  |TAMS 0x0000000709c00000| PB 0x0000000709c00000| Untracked |  0
|  45|0x0000000709e00000, 0x0000000709e00000, 0x000000070a000000|  0%| F|  |TAMS 0x0000000709e00000| PB 0x0000000709e00000| Untracked |  0
|  46|0x000000070a000000, 0x000000070a000000, 0x000000070a200000|  0%| F|  |TAMS 0x000000070a000000| PB 0x000000070a000000| Untracked |  0
|  47|0x000000070a200000, 0x000000070a200000, 0x000000070a400000|  0%| F|  |TAMS 0x000000070a200000| PB 0x000000070a200000| Untracked |  0
|  48|0x000000070a400000, 0x000000070a400000, 0x000000070a600000|  0%| F|  |TAMS 0x000000070a400000| PB 0x000000070a400000| Untracked |  0
|  49|0x000000070a600000, 0x000000070a600000, 0x000000070a800000|  0%| F|  |TAMS 0x000000070a600000| PB 0x000000070a600000| Untracked |  0
|  50|0x000000070a800000, 0x000000070a800000, 0x000000070aa00000|  0%| F|  |TAMS 0x000000070a800000| PB 0x000000070a800000| Untracked |  0
|  51|0x000000070aa00000, 0x000000070aa00000, 0x000000070ac00000|  0%| F|  |TAMS 0x000000070aa00000| PB 0x000000070aa00000| Untracked |  0
|  52|0x000000070ac00000, 0x000000070ac00000, 0x000000070ae00000|  0%| F|  |TAMS 0x000000070ac00000| PB 0x000000070ac00000| Untracked |  0
|  53|0x000000070ae00000, 0x000000070ae00000, 0x000000070b000000|  0%| F|  |TAMS 0x000000070ae00000| PB 0x000000070ae00000| Untracked |  0
|  54|0x000000070b000000, 0x000000070b000000, 0x000000070b200000|  0%| F|  |TAMS 0x000000070b000000| PB 0x000000070b000000| Untracked |  0
|  55|0x000000070b200000, 0x000000070b200000, 0x000000070b400000|  0%| F|  |TAMS 0x000000070b200000| PB 0x000000070b200000| Untracked |  0
|  56|0x000000070b400000, 0x000000070b400000, 0x000000070b600000|  0%| F|  |TAMS 0x000000070b400000| PB 0x000000070b400000| Untracked |  0
|  57|0x000000070b600000, 0x000000070b600000, 0x000000070b800000|  0%| F|  |TAMS 0x000000070b600000| PB 0x000000070b600000| Untracked |  0
|  58|0x000000070b800000, 0x000000070b800000, 0x000000070ba00000|  0%| F|  |TAMS 0x000000070b800000| PB 0x000000070b800000| Untracked |  0
|  59|0x000000070ba00000, 0x000000070ba00000, 0x000000070bc00000|  0%| F|  |TAMS 0x000000070ba00000| PB 0x000000070ba00000| Untracked |  0
|  60|0x000000070bc00000, 0x000000070bc00000, 0x000000070be00000|  0%| F|  |TAMS 0x000000070bc00000| PB 0x000000070bc00000| Untracked |  0
|  61|0x000000070be00000, 0x000000070be00000, 0x000000070c000000|  0%| F|  |TAMS 0x000000070be00000| PB 0x000000070be00000| Untracked |  0
|  62|0x000000070c000000, 0x000000070c000000, 0x000000070c200000|  0%| F|  |TAMS 0x000000070c000000| PB 0x000000070c000000| Untracked |  0
|  63|0x000000070c200000, 0x000000070c200000, 0x000000070c400000|  0%| F|  |TAMS 0x000000070c200000| PB 0x000000070c200000| Untracked |  0
|  64|0x000000070c400000, 0x000000070c400000, 0x000000070c600000|  0%| F|  |TAMS 0x000000070c400000| PB 0x000000070c400000| Untracked |  0
|  65|0x000000070c600000, 0x000000070c600000, 0x000000070c800000|  0%| F|  |TAMS 0x000000070c600000| PB 0x000000070c600000| Untracked |  0
|  66|0x000000070c800000, 0x000000070c800000, 0x000000070ca00000|  0%| F|  |TAMS 0x000000070c800000| PB 0x000000070c800000| Untracked |  0
|  67|0x000000070ca00000, 0x000000070ca00000, 0x000000070cc00000|  0%| F|  |TAMS 0x000000070ca00000| PB 0x000000070ca00000| Untracked |  0
|  68|0x000000070cc00000, 0x000000070cc00000, 0x000000070ce00000|  0%| F|  |TAMS 0x000000070cc00000| PB 0x000000070cc00000| Untracked |  0
|  69|0x000000070ce00000, 0x000000070ce00000, 0x000000070d000000|  0%| F|  |TAMS 0x000000070ce00000| PB 0x000000070ce00000| Untracked |  0
|  70|0x000000070d000000, 0x000000070d000000, 0x000000070d200000|  0%| F|  |TAMS 0x000000070d000000| PB 0x000000070d000000| Untracked |  0
|  71|0x000000070d200000, 0x000000070d200000, 0x000000070d400000|  0%| F|  |TAMS 0x000000070d200000| PB 0x000000070d200000| Untracked |  0
|  72|0x000000070d400000, 0x000000070d400000, 0x000000070d600000|  0%| F|  |TAMS 0x000000070d400000| PB 0x000000070d400000| Untracked |  0
|  73|0x000000070d600000, 0x000000070d600000, 0x000000070d800000|  0%| F|  |TAMS 0x000000070d600000| PB 0x000000070d600000| Untracked |  0
|  74|0x000000070d800000, 0x000000070d800000, 0x000000070da00000|  0%| F|  |TAMS 0x000000070d800000| PB 0x000000070d800000| Untracked |  0
|  75|0x000000070da00000, 0x000000070da00000, 0x000000070dc00000|  0%| F|  |TAMS 0x000000070da00000| PB 0x000000070da00000| Untracked |  0
|  76|0x000000070dc00000, 0x000000070dc00000, 0x000000070de00000|  0%| F|  |TAMS 0x000000070dc00000| PB 0x000000070dc00000| Untracked |  0
|  77|0x000000070de00000, 0x000000070de00000, 0x000000070e000000|  0%| F|  |TAMS 0x000000070de00000| PB 0x000000070de00000| Untracked |  0
|  78|0x000000070e000000, 0x000000070e000000, 0x000000070e200000|  0%| F|  |TAMS 0x000000070e000000| PB 0x000000070e000000| Untracked |  0
|  79|0x000000070e200000, 0x000000070e200000, 0x000000070e400000|  0%| F|  |TAMS 0x000000070e200000| PB 0x000000070e200000| Untracked |  0
|  80|0x000000070e400000, 0x000000070e400000, 0x000000070e600000|  0%| F|  |TAMS 0x000000070e400000| PB 0x000000070e400000| Untracked |  0
|  81|0x000000070e600000, 0x000000070e600000, 0x000000070e800000|  0%| F|  |TAMS 0x000000070e600000| PB 0x000000070e600000| Untracked |  0
|  82|0x000000070e800000, 0x000000070e800000, 0x000000070ea00000|  0%| F|  |TAMS 0x000000070e800000| PB 0x000000070e800000| Untracked |  0
|  83|0x000000070ea00000, 0x000000070ea00000, 0x000000070ec00000|  0%| F|  |TAMS 0x000000070ea00000| PB 0x000000070ea00000| Untracked |  0
|  84|0x000000070ec00000, 0x000000070ec00000, 0x000000070ee00000|  0%| F|  |TAMS 0x000000070ec00000| PB 0x000000070ec00000| Untracked |  0
|  85|0x000000070ee00000, 0x000000070ee00000, 0x000000070f000000|  0%| F|  |TAMS 0x000000070ee00000| PB 0x000000070ee00000| Untracked |  0
|  86|0x000000070f000000, 0x000000070f000000, 0x000000070f200000|  0%| F|  |TAMS 0x000000070f000000| PB 0x000000070f000000| Untracked |  0
|  87|0x000000070f200000, 0x000000070f200000, 0x000000070f400000|  0%| F|  |TAMS 0x000000070f200000| PB 0x000000070f200000| Untracked |  0
|  88|0x000000070f400000, 0x000000070f400000, 0x000000070f600000|  0%| F|  |TAMS 0x000000070f400000| PB 0x000000070f400000| Untracked |  0
|  89|0x000000070f600000, 0x000000070f600000, 0x000000070f800000|  0%| F|  |TAMS 0x000000070f600000| PB 0x000000070f600000| Untracked |  0
|  90|0x000000070f800000, 0x000000070f800000, 0x000000070fa00000|  0%| F|  |TAMS 0x000000070f800000| PB 0x000000070f800000| Untracked |  0
|  91|0x000000070fa00000, 0x000000070fa00000, 0x000000070fc00000|  0%| F|  |TAMS 0x000000070fa00000| PB 0x000000070fa00000| Untracked |  0
|  92|0x000000070fc00000, 0x000000070fc00000, 0x000000070fe00000|  0%| F|  |TAMS 0x000000070fc00000| PB 0x000000070fc00000| Untracked |  0
|  93|0x000000070fe00000, 0x000000070fe00000, 0x0000000710000000|  0%| F|  |TAMS 0x000000070fe00000| PB 0x000000070fe00000| Untracked |  0
|  94|0x0000000710000000, 0x0000000710000000, 0x0000000710200000|  0%| F|  |TAMS 0x0000000710000000| PB 0x0000000710000000| Untracked |  0
|  95|0x0000000710200000, 0x0000000710200000, 0x0000000710400000|  0%| F|  |TAMS 0x0000000710200000| PB 0x0000000710200000| Untracked |  0
|  96|0x0000000710400000, 0x0000000710400000, 0x0000000710600000|  0%| F|  |TAMS 0x0000000710400000| PB 0x0000000710400000| Untracked |  0
|  97|0x0000000710600000, 0x0000000710600000, 0x0000000710800000|  0%| F|  |TAMS 0x0000000710600000| PB 0x0000000710600000| Untracked |  0
|  98|0x0000000710800000, 0x0000000710800000, 0x0000000710a00000|  0%| F|  |TAMS 0x0000000710800000| PB 0x0000000710800000| Untracked |  0
|  99|0x0000000710a00000, 0x0000000710a00000, 0x0000000710c00000|  0%| F|  |TAMS 0x0000000710a00000| PB 0x0000000710a00000| Untracked |  0
| 100|0x0000000710c00000, 0x0000000710c00000, 0x0000000710e00000|  0%| F|  |TAMS 0x0000000710c00000| PB 0x0000000710c00000| Untracked |  0
| 101|0x0000000710e00000, 0x0000000710e00000, 0x0000000711000000|  0%| F|  |TAMS 0x0000000710e00000| PB 0x0000000710e00000| Untracked |  0
| 102|0x0000000711000000, 0x0000000711000000, 0x0000000711200000|  0%| F|  |TAMS 0x0000000711000000| PB 0x0000000711000000| Untracked |  0
| 103|0x0000000711200000, 0x0000000711200000, 0x0000000711400000|  0%| F|  |TAMS 0x0000000711200000| PB 0x0000000711200000| Untracked |  0
| 104|0x0000000711400000, 0x0000000711400000, 0x0000000711600000|  0%| F|  |TAMS 0x0000000711400000| PB 0x0000000711400000| Untracked |  0
| 105|0x0000000711600000, 0x0000000711600000, 0x0000000711800000|  0%| F|  |TAMS 0x0000000711600000| PB 0x0000000711600000| Untracked |  0
| 106|0x0000000711800000, 0x0000000711800000, 0x0000000711a00000|  0%| F|  |TAMS 0x0000000711800000| PB 0x0000000711800000| Untracked |  0
| 107|0x0000000711a00000, 0x0000000711a00000, 0x0000000711c00000|  0%| F|  |TAMS 0x0000000711a00000| PB 0x0000000711a00000| Untracked |  0
| 108|0x0000000711c00000, 0x0000000711c00000, 0x0000000711e00000|  0%| F|  |TAMS 0x0000000711c00000| PB 0x0000000711c00000| Untracked |  0
| 109|0x0000000711e00000, 0x0000000711e00000, 0x0000000712000000|  0%| F|  |TAMS 0x0000000711e00000| PB 0x0000000711e00000| Untracked |  0
| 110|0x0000000712000000, 0x0000000712000000, 0x0000000712200000|  0%| F|  |TAMS 0x0000000712000000| PB 0x0000000712000000| Untracked |  0
| 111|0x0000000712200000, 0x0000000712200000, 0x0000000712400000|  0%| F|  |TAMS 0x0000000712200000| PB 0x0000000712200000| Untracked |  0
| 112|0x0000000712400000, 0x0000000712400000, 0x0000000712600000|  0%| F|  |TAMS 0x0000000712400000| PB 0x0000000712400000| Untracked |  0
| 113|0x0000000712600000, 0x0000000712600000, 0x0000000712800000|  0%| F|  |TAMS 0x0000000712600000| PB 0x0000000712600000| Untracked |  0
| 114|0x0000000712800000, 0x0000000712800000, 0x0000000712a00000|  0%| F|  |TAMS 0x0000000712800000| PB 0x0000000712800000| Untracked |  0
| 115|0x0000000712a00000, 0x0000000712a00000, 0x0000000712c00000|  0%| F|  |TAMS 0x0000000712a00000| PB 0x0000000712a00000| Untracked |  0
| 116|0x0000000712c00000, 0x0000000712c00000, 0x0000000712e00000|  0%| F|  |TAMS 0x0000000712c00000| PB 0x0000000712c00000| Untracked |  0
| 117|0x0000000712e00000, 0x0000000712e00000, 0x0000000713000000|  0%| F|  |TAMS 0x0000000712e00000| PB 0x0000000712e00000| Untracked |  0
| 118|0x0000000713000000, 0x0000000713000000, 0x0000000713200000|  0%| F|  |TAMS 0x0000000713000000| PB 0x0000000713000000| Untracked |  0
| 119|0x0000000713200000, 0x0000000713200000, 0x0000000713400000|  0%| F|  |TAMS 0x0000000713200000| PB 0x0000000713200000| Untracked |  0
| 120|0x0000000713400000, 0x0000000713400000, 0x0000000713600000|  0%| F|  |TAMS 0x0000000713400000| PB 0x0000000713400000| Untracked |  0
| 121|0x0000000713600000, 0x0000000713600000, 0x0000000713800000|  0%| F|  |TAMS 0x0000000713600000| PB 0x0000000713600000| Untracked |  0
| 122|0x0000000713800000, 0x0000000713800000, 0x0000000713a00000|  0%| F|  |TAMS 0x0000000713800000| PB 0x0000000713800000| Untracked |  0
| 123|0x0000000713a00000, 0x0000000713a00000, 0x0000000713c00000|  0%| F|  |TAMS 0x0000000713a00000| PB 0x0000000713a00000| Untracked |  0
| 124|0x0000000713c00000, 0x0000000713c00000, 0x0000000713e00000|  0%| F|  |TAMS 0x0000000713c00000| PB 0x0000000713c00000| Untracked |  0
| 125|0x0000000713e00000, 0x0000000713feb960, 0x0000000714000000| 96%| E|  |TAMS 0x0000000713e00000| PB 0x0000000713e00000| Complete |  0

Card table byte_map: [0x0000020a7cfe0000,0x0000020a7d7c0000] _byte_map_base: 0x0000020a797be000

Marking Bits: (CMBitMap*) 0x0000020a73be8090
 Bits: [0x0000020a0f000000, 0x0000020a12ef0000)

Polling page: 0x0000020a71910000

Metaspace:

Usage:
  Non-class:      4.44 MB used.
      Class:    392.29 KB used.
       Both:      4.82 MB used.

Virtual space:
  Non-class space:       64.00 MB reserved,       4.44 MB (  7%) committed,  1 nodes.
      Class space:        1.00 GB reserved,     448.00 KB ( <1%) committed,  1 nodes.
             Both:        1.06 GB reserved,       4.88 MB ( <1%) committed. 

Chunk freelists:
   Non-Class:  11.00 MB
       Class:  15.56 MB
        Both:  26.56 MB

MaxMetaspaceSize: unlimited
CompressedClassSpaceSize: 1.00 GB
Initial GC threshold: 21.00 MB
Current GC threshold: 21.00 MB
CDS: off
 - commit_granule_bytes: 65536.
 - commit_granule_words: 8192.
 - virtual_space_node_default_size: 8388608.
 - enlarge_chunks_in_place: 1.
 - use_allocation_guard: 0.


Internal statistics:

num_allocs_failed_limit: 0.
num_arena_births: 2.
num_arena_deaths: 0.
num_vsnodes_births: 2.
num_vsnodes_deaths: 0.
num_space_committed: 78.
num_space_uncommitted: 0.
num_chunks_returned_to_freelist: 0.
num_chunks_taken_from_freelist: 6.
num_chunk_merges: 0.
num_chunk_splits: 3.
num_chunks_enlarged: 0.
num_inconsistent_stats: 0.

CodeHeap 'non-profiled nmethods': size=120064Kb used=8Kb max_used=8Kb free=120055Kb
 bounds [0x0000020a07ac0000, 0x0000020a07d30000, 0x0000020a0f000000]
CodeHeap 'profiled nmethods': size=120000Kb used=42Kb max_used=42Kb free=119957Kb
 bounds [0x0000020a00000000, 0x0000020a00270000, 0x0000020a07530000]
CodeHeap 'non-nmethods': size=5696Kb used=1210Kb max_used=1210Kb free=4485Kb
 bounds [0x0000020a07530000, 0x0000020a077a0000, 0x0000020a07ac0000]
CodeCache: size=245760Kb, used=1260Kb, max_used=1260Kb, free=244497Kb
 total_blobs=389, nmethods=48, adapters=247, full_count=0
Compilation: enabled, stopped_count=0, restarted_count=0

Compilation events (20 events):
Event: 0.095 Thread 0x0000020a1352b7c0   35       1       java.lang.module.ModuleDescriptor::name (5 bytes)
Event: 0.095 Thread 0x0000020a1352b7c0 nmethod 35 0x0000020a07ac0f08 code [0x0000020a07ac1020, 0x0000020a07ac10f0]
Event: 0.095 Thread 0x0000020a1352b7c0   37       1       java.lang.module.ModuleReference::descriptor (5 bytes)
Event: 0.095 Thread 0x0000020a1352b7c0 nmethod 37 0x0000020a07ac1208 code [0x0000020a07ac1320, 0x0000020a07ac13f0]
Event: 0.121 Thread 0x0000020a1352b7c0   38       3       java.util.ImmutableCollections$SetN$SetNIterator::hasNext (13 bytes)
Event: 0.121 Thread 0x0000020a1352b7c0 nmethod 38 0x0000020a00009088 code [0x0000020a000091a0, 0x0000020a000092f8]
Event: 0.121 Thread 0x0000020a1352b7c0   45       3       java.util.ImmutableCollections$SetN$SetNIterator::next (90 bytes)
Event: 0.122 Thread 0x0000020a1352b7c0 nmethod 45 0x0000020a00009388 code [0x0000020a000094c0, 0x0000020a000097c0]
Event: 0.122 Thread 0x0000020a1352b7c0   43       3       java.util.ImmutableCollections$SetN::iterator (9 bytes)
Event: 0.122 Thread 0x0000020a1352b7c0 nmethod 43 0x0000020a00009808 code [0x0000020a00009920, 0x0000020a00009ab8]
Event: 0.122 Thread 0x0000020a1352b7c0   44       3       java.util.ImmutableCollections$SetN$SetNIterator::<init> (36 bytes)
Event: 0.122 Thread 0x0000020a1352b7c0 nmethod 44 0x0000020a00009b08 code [0x0000020a00009c20, 0x0000020a00009e20]
Event: 0.122 Thread 0x0000020a1352b7c0   41       3       java.util.concurrent.ConcurrentHashMap::tabAt (22 bytes)
Event: 0.122 Thread 0x0000020a1352b7c0 nmethod 41 0x0000020a00009e88 code [0x0000020a00009fa0, 0x0000020a0000a248]
Event: 0.122 Thread 0x0000020a1352b7c0   42       3       jdk.internal.misc.Unsafe::getReferenceAcquire (7 bytes)
Event: 0.122 Thread 0x0000020a1352b7c0 nmethod 42 0x0000020a0000a288 code [0x0000020a0000a3a0, 0x0000020a0000a4f8]
Event: 0.122 Thread 0x0000020a1352b7c0   46       3       java.util.HashMap::hash (20 bytes)
Event: 0.123 Thread 0x0000020a1352b7c0 nmethod 46 0x0000020a0000a588 code [0x0000020a0000a6c0, 0x0000020a0000a8b8]
Event: 0.139 Thread 0x0000020a1352b7c0   48       1       java.lang.Enum::ordinal (5 bytes)
Event: 0.140 Thread 0x0000020a1352b7c0 nmethod 48 0x0000020a07ac1f88 code [0x0000020a07ac20a0, 0x0000020a07ac2168]

GC Heap History (0 events):
No events

Dll operation events (2 events):
Event: 0.007 Loaded shared library D:\Programme\Java\openjdk-23.0.2_windows-x64_bin\jdk-23.0.2\bin\java.dll
Event: 0.071 Loaded shared library D:\Programme\Java\openjdk-23.0.2_windows-x64_bin\jdk-23.0.2\bin\jsvml.dll

Deoptimization events (0 events):
No events

Classes loaded (20 events):
Event: 0.137 Loading class java/lang/invoke/LambdaForm$Name
Event: 0.137 Loading class java/lang/invoke/LambdaForm$Name done
Event: 0.138 Loading class java/lang/invoke/LambdaForm$Holder
Event: 0.138 Loading class java/lang/invoke/LambdaForm$Holder done
Event: 0.138 Loading class java/lang/invoke/InvokerBytecodeGenerator
Event: 0.139 Loading class java/lang/invoke/InvokerBytecodeGenerator done
Event: 0.139 Loading class java/lang/invoke/InvokerBytecodeGenerator$1
Event: 0.139 Loading class java/lang/invoke/InvokerBytecodeGenerator$1 done
Event: 0.139 Loading class java/lang/invoke/MethodHandleImpl$Intrinsic
Event: 0.139 Loading class java/lang/invoke/MethodHandleImpl$Intrinsic done
Event: 0.140 Loading class java/lang/invoke/BoundMethodHandle
Event: 0.140 Loading class java/lang/invoke/BoundMethodHandle done
Event: 0.140 Loading class java/lang/invoke/BoundMethodHandle$Specializer
Event: 0.140 Loading class java/lang/invoke/ClassSpecializer
Event: 0.141 Loading class java/lang/invoke/ClassSpecializer done
Event: 0.141 Loading class java/lang/invoke/BoundMethodHandle$Specializer done
Event: 0.141 Loading class java/lang/invoke/ClassSpecializer$1
Event: 0.141 Loading class java/lang/invoke/ClassSpecializer$1 done
Event: 0.141 Loading class java/lang/invoke/BoundMethodHandle$SpeciesData
Event: 0.141 Loading class java/lang/invoke/ClassSpecializer$SpeciesData

Classes unloaded (0 events):
No events

Classes redefined (0 events):
No events

Internal exceptions (0 events):
No events

VM Operations (0 events):
No events

Memory protections (0 events):
No events

Nmethod flushes (0 events):
No events

Events (9 events):
Event: 0.011 Thread 0x0000020a71633e30 Thread added: 0x0000020a71633e30
Event: 0.067 Thread 0x0000020a71633e30 Thread added: 0x0000020a13514260
Event: 0.067 Thread 0x0000020a71633e30 Thread added: 0x0000020a13514cc0
Event: 0.069 Thread 0x0000020a71633e30 Thread added: 0x0000020a1350a330
Event: 0.069 Thread 0x0000020a71633e30 Thread added: 0x0000020a1350ad90
Event: 0.069 Thread 0x0000020a71633e30 Thread added: 0x0000020a13500850
Event: 0.069 Thread 0x0000020a71633e30 Thread added: 0x0000020a13501a30
Event: 0.069 Thread 0x0000020a71633e30 Thread added: 0x0000020a135034a0
Event: 0.069 Thread 0x0000020a71633e30 Thread added: 0x0000020a1352b7c0


Dynamic libraries:
0x00007ff62b060000 - 0x00007ff62b06e000 	D:\Programme\Java\openjdk-23.0.2_windows-x64_bin\jdk-23.0.2\bin\java.exe
0x00007ffd26440000 - 0x00007ffd266a8000 	C:\WINDOWS\SYSTEM32\ntdll.dll
0x00007ffcbb610000 - 0x00007ffcbb630000 	C:\Program Files\Norton\Suite\aswhook.dll
0x00007ffd25440000 - 0x00007ffd25509000 	C:\WINDOWS\System32\KERNEL32.DLL
0x00007ffd23b90000 - 0x00007ffd23f82000 	C:\WINDOWS\System32\KERNELBASE.dll
0x00007ffd23f90000 - 0x00007ffd240db000 	C:\WINDOWS\System32\ucrtbase.dll
0x00007ffd05af0000 - 0x00007ffd05b0b000 	D:\Programme\Java\openjdk-23.0.2_windows-x64_bin\jdk-23.0.2\bin\VCRUNTIME140.dll
0x00007ffd027b0000 - 0x00007ffd027c7000 	D:\Programme\Java\openjdk-23.0.2_windows-x64_bin\jdk-23.0.2\bin\jli.dll
0x00007ffd24cc0000 - 0x00007ffd24e85000 	C:\WINDOWS\System32\USER32.dll
0x00007ffcfd530000 - 0x00007ffcfd7c3000 	C:\WINDOWS\WinSxS\amd64_microsoft.windows.common-controls_6595b64144ccf1df_6.0.26100.6899_none_3e0efeeae32e88c1\COMCTL32.dll
0x00007ffd23880000 - 0x00007ffd238a7000 	C:\WINDOWS\System32\win32u.dll
0x00007ffd24c10000 - 0x00007ffd24cb9000 	C:\WINDOWS\System32\msvcrt.dll
0x00007ffd25ae0000 - 0x00007ffd25b0b000 	C:\WINDOWS\System32\GDI32.dll
0x00007ffd240e0000 - 0x00007ffd2420d000 	C:\WINDOWS\System32\gdi32full.dll
0x00007ffd23660000 - 0x00007ffd23703000 	C:\WINDOWS\System32\msvcp_win.dll
0x00007ffd263b0000 - 0x00007ffd263df000 	C:\WINDOWS\System32\IMM32.DLL
0x00007ffd11a60000 - 0x00007ffd11a6c000 	D:\Programme\Java\openjdk-23.0.2_windows-x64_bin\jdk-23.0.2\bin\vcruntime140_1.dll
0x00007ffcd0dc0000 - 0x00007ffcd0e4e000 	D:\Programme\Java\openjdk-23.0.2_windows-x64_bin\jdk-23.0.2\bin\msvcp140.dll
0x00007ffc3d120000 - 0x00007ffc3de70000 	D:\Programme\Java\openjdk-23.0.2_windows-x64_bin\jdk-23.0.2\bin\server\jvm.dll
0x00007ffd26010000 - 0x00007ffd260c4000 	C:\WINDOWS\System32\ADVAPI32.dll
0x00007ffd259a0000 - 0x00007ffd25a46000 	C:\WINDOWS\System32\sechost.dll
0x00007ffd24af0000 - 0x00007ffd24c08000 	C:\WINDOWS\System32\RPCRT4.dll
0x00007ffd25080000 - 0x00007ffd250f4000 	C:\WINDOWS\System32\WS2_32.dll
0x00007ffd18780000 - 0x00007ffd1878b000 	C:\WINDOWS\SYSTEM32\VERSION.dll
0x00007ffd23450000 - 0x00007ffd234ae000 	C:\WINDOWS\SYSTEM32\POWRPROF.dll
0x00007ffd09a30000 - 0x00007ffd09a65000 	C:\WINDOWS\SYSTEM32\WINMM.dll
0x00007ffd23430000 - 0x00007ffd23444000 	C:\WINDOWS\SYSTEM32\UMPDC.dll
0x00007ffd223a0000 - 0x00007ffd223bb000 	C:\WINDOWS\SYSTEM32\kernel.appcore.dll
0x00007ffd072e0000 - 0x00007ffd072ea000 	D:\Programme\Java\openjdk-23.0.2_windows-x64_bin\jdk-23.0.2\bin\jimage.dll
0x00007ffd20ea0000 - 0x00007ffd210e2000 	C:\WINDOWS\SYSTEM32\DBGHELP.DLL
0x00007ffd25b10000 - 0x00007ffd25e8b000 	C:\WINDOWS\System32\combase.dll
0x00007ffd249c0000 - 0x00007ffd24a97000 	C:\WINDOWS\System32\OLEAUT32.dll
0x00007ffd10210000 - 0x00007ffd1024c000 	C:\WINDOWS\SYSTEM32\dbgcore.DLL
0x00007ffd23a30000 - 0x00007ffd23ac8000 	C:\WINDOWS\System32\bcryptPrimitives.dll
0x00007ffd026d0000 - 0x00007ffd026ee000 	D:\Programme\Java\openjdk-23.0.2_windows-x64_bin\jdk-23.0.2\bin\java.dll
0x00007ffd251d0000 - 0x00007ffd25368000 	C:\WINDOWS\System32\ole32.dll
0x00007ffd24270000 - 0x00007ffd249bd000 	C:\WINDOWS\System32\SHELL32.dll
0x00007ffd23710000 - 0x00007ffd2387b000 	C:\WINDOWS\System32\wintypes.dll
0x00007ffd211f0000 - 0x00007ffd21a4d000 	C:\WINDOWS\SYSTEM32\windows.storage.dll
0x00007ffd262b0000 - 0x00007ffd263a2000 	C:\WINDOWS\System32\SHCORE.dll
0x00007ffd25ea0000 - 0x00007ffd25f02000 	C:\WINDOWS\System32\shlwapi.dll
0x00007ffd234f0000 - 0x00007ffd23519000 	C:\WINDOWS\SYSTEM32\profapi.dll
0x00007ffccfec0000 - 0x00007ffccff97000 	D:\Programme\Java\openjdk-23.0.2_windows-x64_bin\jdk-23.0.2\bin\jsvml.dll

dbghelp: loaded successfully - version: 4.0.5 - missing functions: none
symbol engine: initialized successfully - sym options: 0x614 - pdb path: .;D:\Programme\Java\openjdk-23.0.2_windows-x64_bin\jdk-23.0.2\bin;C:\WINDOWS\SYSTEM32;C:\Program Files\Norton\Suite;C:\WINDOWS\WinSxS\amd64_microsoft.windows.common-controls_6595b64144ccf1df_6.0.26100.6899_none_3e0efeeae32e88c1;D:\Programme\Java\openjdk-23.0.2_windows-x64_bin\jdk-23.0.2\bin\server

VM Arguments:
jvm_args: --module-path=C:\Users\Huawei\.m2\repository\org\openjfx\javafx-base\25\javafx-base-25-win.jar;C:\Users\Huawei\.m2\repository\org\openjfx\javafx-base\25\javafx-base-25.jar;C:\Users\Huawei\.m2\repository\org\openjfx\javafx-controls\25\javafx-controls-25-win.jar;C:\Users\Huawei\.m2\repository\org\openjfx\javafx-controls\25\javafx-controls-25.jar;C:\Users\Huawei\.m2\repository\org\openjfx\javafx-fxml\25\javafx-fxml-25-win.jar;C:\Users\Huawei\.m2\repository\org\openjfx\javafx-fxml\25\javafx-fxml-25.jar;C:\Users\Huawei\.m2\repository\org\openjfx\javafx-graphics\25\javafx-graphics-25-win.jar;C:\Users\Huawei\.m2\repository\org\openjfx\javafx-graphics\25\javafx-graphics-25.jar --add-modules=javafx.base,javafx.controls,javafx.fxml,javafx.graphics 
java_command: org.meinprojekt.haushalt.App
java_class_path (initial): B:\Arbeit-Beruf\07 - Nicht Selbstständige Arbeit\Fortbildung\GitTools\Eclipse Repo\Haushaltsbuch\target\classes
Launcher Type: SUN_STANDARD

[Global flags]
     intx CICompilerCount                          = 4                                         {product} {ergonomic}
     uint ConcGCThreads                            = 3                                         {product} {ergonomic}
     uint G1ConcRefinementThreads                  = 10                                        {product} {ergonomic}
   size_t G1HeapRegionSize                         = 2097152                                   {product} {ergonomic}
   size_t InitialHeapSize                          = 264241152                                 {product} {ergonomic}
   size_t MarkStackSize                            = 4194304                                   {product} {ergonomic}
   size_t MarkStackSizeMax                         = 536870912                                 {product} {ergonomic}
   size_t MaxHeapSize                              = 4223664128                                {product} {ergonomic}
   size_t MaxNewSize                               = 2533359616                                {product} {ergonomic}
   size_t MinHeapDeltaBytes                        = 2097152                                   {product} {ergonomic}
   size_t MinHeapSize                              = 8388608                                   {product} {ergonomic}
    uintx NonNMethodCodeHeapSize                   = 5832704                                {pd product} {ergonomic}
    uintx NonProfiledCodeHeapSize                  = 122945536                              {pd product} {ergonomic}
    uintx ProfiledCodeHeapSize                     = 122880000                              {pd product} {ergonomic}
    uintx ReservedCodeCacheSize                    = 251658240                              {pd product} {ergonomic}
     bool SegmentedCodeCache                       = true                                      {product} {ergonomic}
   size_t SoftMaxHeapSize                          = 4223664128                             {manageable} {ergonomic}
     bool UseCompressedOops                        = true                           {product lp64_product} {ergonomic}
     bool UseG1GC                                  = true                                      {product} {ergonomic}
     bool UseLargePagesIndividualAllocation        = false                                  {pd product} {ergonomic}

Logging:
Log output configuration:
 #0: stdout all=warning uptime,level,tags foldmultilines=false
 #1: stderr all=off uptime,level,tags foldmultilines=false

Environment Variables:
JAVA_HOME=D:\Programme\Java\openjdk-23.0.2_windows-x64_bin\jdk-23.0.2
PATH=C:/Users/Huawei/.p2/pool/plugins/org.eclipse.justj.openjdk.hotspot.jre.full.win32.x86_64_23.0.1.v20241024-1700/jre/bin/server;C:/Users/Huawei/.p2/pool/plugins/org.eclipse.justj.openjdk.hotspot.jre.full.win32.x86_64_23.0.1.v20241024-1700/jre/bin;C:\WINDOWS\System32;C:\WINDOWS\system32\config\systemprofile\AppData\Local\Microsoft\WindowsApps;C:\windows\system32\HWAudioDriver\;C:\Program Files\Git LFS;C:\Program Files\Git\cmd;C:\Program Files\MySQL\MySQL Shell 8.0\bin\;C:\Users\Huawei\AppData\Local\Microsoft\WindowsApps;D:\Programme\Java\openjdk-23.0.2_windows-x64_bin\jdk-23.0.2\bin;D:\Programme\Apache\apache-maven-3.9.11\bin;C:\Program Files\Git\cmd;;C:\Users\Huawei\Desktop;
USERNAME=Huawei
OS=Windows_NT
PROCESSOR_IDENTIFIER=Intel64 Family 6 Model 154 Stepping 3, GenuineIntel
TMP=C:\Users\Huawei\AppData\Local\Temp
TEMP=C:\Users\Huawei\AppData\Local\Temp




Periodic native trim disabled

---------------  S Y S T E M  ---------------

OS:
 Windows 11 , 64 bit Build 26100 (10.0.26100.6725)
OS uptime: 14 days 3:15 hours
Hyper-V role detected

CPU: total 12 (initial active 12) (6 cores per cpu, 2 threads per core) family 6 model 154 stepping 3 microcode 0x41e, cx8, cmov, fxsr, ht, mmx, 3dnowpref, sse, sse2, sse3, ssse3, sse4.1, sse4.2, popcnt, lzcnt, tsc, tscinvbit, avx, avx2, aes, erms, clmul, bmi1, bmi2, adx, sha, fma, vzeroupper, clflush, clflushopt, clwb, hv, serialize, rdtscp, rdpid, fsrm, gfni, f16c, cet_ibt, cet_ss
Processor Information for processor 0
  Max Mhz: 2000, Current Mhz: 2000, Mhz Limit: 2000
Processor Information for processor 1
  Max Mhz: 2000, Current Mhz: 2000, Mhz Limit: 2000
Processor Information for processor 2
  Max Mhz: 2000, Current Mhz: 2000, Mhz Limit: 2000
Processor Information for processor 3
  Max Mhz: 2000, Current Mhz: 2000, Mhz Limit: 2000
Processor Information for processor 4
  Max Mhz: 2000, Current Mhz: 2000, Mhz Limit: 2000
Processor Information for processor 5
  Max Mhz: 2000, Current Mhz: 2000, Mhz Limit: 2000
Processor Information for processor 6
  Max Mhz: 2000, Current Mhz: 2000, Mhz Limit: 2000
Processor Information for processor 7
  Max Mhz: 2000, Current Mhz: 2000, Mhz Limit: 2000
Processor Information for processor 8
  Max Mhz: 2000, Current Mhz: 1500, Mhz Limit: 1500
Processor Information for processor 9
  Max Mhz: 2000, Current Mhz: 1500, Mhz Limit: 1500
Processor Information for processor 10
  Max Mhz: 2000, Current Mhz: 1500, Mhz Limit: 1500
Processor Information for processor 11
  Max Mhz: 2000, Current Mhz: 1500, Mhz Limit: 1500

Memory: 4k page, system-wide physical 16110M (2148M free)
TotalPageFile size 19232M (AvailPageFile size 0M)
current process WorkingSet (physical memory assigned to process): 31M, peak: 31M
current process commit charge ("private bytes"): 332M, peak: 332M

vm_info: OpenJDK 64-Bit Server VM (23.0.2+7-58) for windows-amd64 JRE (23.0.2+7-58), built on 2024-11-29T09:34:55Z with MS VC++ 17.6 (VS2022)

END.
